#
# There is insufficient memory for the Java Runtime Environment to continue.
# Native memory allocation (mmap) failed to map 132120576 bytes for Failed to commit area from 0x0000000082600000 to 0x000000008a400000 of length 132120576.
# Possible reasons:
#   The system is out of physical RAM or swap space
#   The process is running with CompressedOops enabled, and the Java Heap may be blocking the growth of the native heap
# Possible solutions:
#   Reduce memory load on the system
#   Increase physical memory or swap space
#   Check if swap backing store is full
#   Decrease Java heap size (-Xmx/-Xms)
#   Decrease number of Java threads
#   Decrease Java thread stack sizes (-Xss)
#   Set larger code cache with -XX:ReservedCodeCacheSize=
# This output file may be truncated or incomplete.
#
#  Out of Memory Error (t:/workspace/open/src/hotspot/os/windows/os_windows.cpp:3254), pid=7044, tid=15768
#
# JRE version:  (12.0.1+12) (build )
# Java VM: Java HotSpot(TM) 64-Bit Server VM (12.0.1+12, mixed mode, aot, sharing, tiered, compressed oops, g1 gc, windows-amd64)
# No core dump will be written. Minidumps are not enabled by default on client versions of Windows
#

---------------  S U M M A R Y ------------

Command Line: 

Host: Intel(R) Core(TM) i5-7200U CPU @ 2.50GHz, 4 cores, 7G,  Windows 10 , 64 bit Build 19041 (10.0.19041.804)
Time: Wed Mar  3 15:26:12 2021 GMT Standard Time elapsed time: 0 seconds (0d 0h 0m 0s)

---------------  T H R E A D  ---------------

Current thread (0x0000011693d53800):  JavaThread "Unknown thread" [_thread_in_vm, id=15768, stack(0x0000000b08e00000,0x0000000b08f00000)]

Stack: [0x0000000b08e00000,0x0000000b08f00000]
Native frames: (J=compiled Java code, j=interpreted, Vv=VM code, C=native code)
V  [jvm.dll+0x63948a]
V  [jvm.dll+0x78b31f]
V  [jvm.dll+0x78c9c1]
V  [jvm.dll+0x78d013]
V  [jvm.dll+0x262138]
V  [jvm.dll+0x63698a]
V  [jvm.dll+0x62b505]
V  [jvm.dll+0x31d9bc]
V  [jvm.dll+0x31d7ef]
V  [jvm.dll+0x323526]
V  [jvm.dll+0x370f76]
V  [jvm.dll+0x370750]
V  [jvm.dll+0x2f786a]
V  [jvm.dll+0x2f8af2]
V  [jvm.dll+0x7657b7]
V  [jvm.dll+0x766e95]
V  [jvm.dll+0x37f089]
V  [jvm.dll+0x749b14]
V  [jvm.dll+0x3ee48d]
V  [jvm.dll+0x3f03c1]
C  [jli.dll+0x51cf]
C  [ucrtbase.dll+0x21bb2]
C  [KERNEL32.DLL+0x17034]
C  [ntdll.dll+0x4d241]


---------------  P R O C E S S  ---------------

Threads class SMR info:
_java_thread_list=0x00007ffde21a48e8, length=0, elements={
}

Java Threads: ( => current thread )

Other Threads:
  0x0000011693d93000 GCTaskThread "GC Thread#0" [stack: 0x0000000b08f00000,0x0000000b09000000] [id=3052]
  0x0000011693da0800 ConcurrentGCThread "G1 Main Marker" [stack: 0x0000000b09000000,0x0000000b09100000] [id=17020]
  0x0000011693da4800 ConcurrentGCThread "G1 Conc#0" [stack: 0x0000000b09100000,0x0000000b09200000] [id=9204]

[error occurred during error reporting (printing all threads), id 0xc0000005, EXCEPTION_ACCESS_VIOLATION (0xc0000005) at pc=0x00007ffde19d7a37]

VM state:not at safepoint (not fully initialized)

VM Mutex/Monitor currently owned by a thread:  ([mutex/lock_event])
[0x0000011693d4ea70] Heap_lock - owner thread: 0x0000011693d53800

Heap address: 0x0000000082600000, size: 2010 MB, Compressed Oops mode: Non-zero based: 0x0000000082600000
Narrow klass base: 0x0000000000000000, Narrow klass shift: 0

GC Heap History (0 events):
No events

Deoptimization events (0 events):
No events

Classes redefined (0 events):
No events

Internal exceptions (0 events):
No events

Events (0 events):
No events


Dynamic libraries:
0x00007ff6c8d00000 - 0x00007ff6c8d0f000 	C:\Program Files\Java\jdk-12.0.1\bin\java.exe
0x00007ffe4fb70000 - 0x00007ffe4fd66000 	C:\WINDOWS\SYSTEM32\ntdll.dll
0x00007ffe4e870000 - 0x00007ffe4e92d000 	C:\WINDOWS\System32\KERNEL32.DLL
0x00007ffe4d460000 - 0x00007ffe4d729000 	C:\WINDOWS\System32\KERNELBASE.dll
0x00007ffe4d2b0000 - 0x00007ffe4d3b0000 	C:\WINDOWS\System32\ucrtbase.dll
0x00007ffde2320000 - 0x00007ffde2338000 	C:\Program Files\Java\jdk-12.0.1\bin\jli.dll
0x00007ffde2300000 - 0x00007ffde2316000 	C:\Program Files\Java\jdk-12.0.1\bin\VCRUNTIME140.dll
0x00007ffe4e960000 - 0x00007ffe4ea0c000 	C:\WINDOWS\System32\ADVAPI32.dll
0x00007ffe4e7d0000 - 0x00007ffe4e86e000 	C:\WINDOWS\System32\msvcrt.dll
0x00007ffe4eec0000 - 0x00007ffe4ef5c000 	C:\WINDOWS\System32\sechost.dll
0x00007ffe4f740000 - 0x00007ffe4f86b000 	C:\WINDOWS\System32\RPCRT4.dll
0x00007ffe4ed20000 - 0x00007ffe4eec0000 	C:\WINDOWS\System32\USER32.dll
0x00007ffe4d430000 - 0x00007ffe4d452000 	C:\WINDOWS\System32\win32u.dll
0x00007ffe4ecf0000 - 0x00007ffe4ed1a000 	C:\WINDOWS\System32\GDI32.dll
0x00007ffe4d890000 - 0x00007ffe4d99b000 	C:\WINDOWS\System32\gdi32full.dll
0x00007ffe4da50000 - 0x00007ffe4daed000 	C:\WINDOWS\System32\msvcp_win.dll
0x00007ffe37b40000 - 0x00007ffe37ddb000 	C:\WINDOWS\WinSxS\amd64_microsoft.windows.common-controls_6595b64144ccf1df_6.0.19041.746_none_ca02b4b61b8320a4\COMCTL32.dll
0x00007ffe3e490000 - 0x00007ffe3e49a000 	C:\WINDOWS\SYSTEM32\VERSION.dll
0x00007ffe4e930000 - 0x00007ffe4e960000 	C:\WINDOWS\System32\IMM32.DLL
0x00007ffde2250000 - 0x00007ffde22fa000 	C:\Program Files\Java\jdk-12.0.1\bin\msvcp140.dll
0x00007ffde16d0000 - 0x00007ffde2244000 	C:\Program Files\Java\jdk-12.0.1\bin\server\jvm.dll
0x00007ffe4dce0000 - 0x00007ffe4dce8000 	C:\WINDOWS\System32\PSAPI.DLL
0x00007ffe38d40000 - 0x00007ffe38d67000 	C:\WINDOWS\SYSTEM32\WINMM.dll
0x00007ffe2e0d0000 - 0x00007ffe2e0d9000 	C:\WINDOWS\SYSTEM32\WSOCK32.dll
0x00007ffe4e750000 - 0x00007ffe4e7bb000 	C:\WINDOWS\System32\WS2_32.dll
0x00007ffe4bb80000 - 0x00007ffe4bb92000 	C:\WINDOWS\SYSTEM32\kernel.appcore.dll
0x00007ffde16b0000 - 0x00007ffde16c1000 	C:\Program Files\Java\jdk-12.0.1\bin\verify.dll
0x00007ffe4b850000 - 0x00007ffe4ba34000 	C:\WINDOWS\SYSTEM32\DBGHELP.DLL
0x00007ffe3e4e0000 - 0x00007ffe3e50c000 	C:\WINDOWS\SYSTEM32\dbgcore.DLL
0x00007ffe4daf0000 - 0x00007ffe4db70000 	C:\WINDOWS\System32\bcryptPrimitives.dll
0x00007ffde1680000 - 0x00007ffde16a6000 	C:\Program Files\Java\jdk-12.0.1\bin\java.dll
0x00007ffde1660000 - 0x00007ffde1677000 	C:\Program Files\Java\jdk-12.0.1\bin\zip.dll
0x00007ffde1650000 - 0x00007ffde165a000 	C:\Program Files\Java\jdk-12.0.1\bin\jimage.dll

dbghelp: loaded successfully - version: 4.0.5 - missing functions: none
symbol engine: initialized successfully - sym options: 0x614 - pdb path: .;C:\Program Files\Java\jdk-12.0.1\bin;C:\WINDOWS\SYSTEM32;C:\WINDOWS\WinSxS\amd64_microsoft.windows.common-controls_6595b64144ccf1df_6.0.19041.746_none_ca02b4b61b8320a4;C:\Program Files\Java\jdk-12.0.1\bin\server

VM Arguments:
java_command: <unknown>
java_class_path (initial): <not set>
Launcher Type: SUN_STANDARD

[Global flags]
     intx CICompilerCount                          = 3                                         {product} {ergonomic}
     uint ConcGCThreads                            = 1                                         {product} {ergonomic}
     uint G1ConcRefinementThreads                  = 4                                         {product} {ergonomic}
   size_t G1HeapRegionSize                         = 1048576                                   {product} {ergonomic}
    uintx GCDrainStackTargetSize                   = 64                                        {product} {ergonomic}
   size_t InitialHeapSize                          = 132120576                                 {product} {ergonomic}
   size_t MarkStackSize                            = 4194304                                   {product} {ergonomic}
   size_t MaxHeapSize                              = 2107637760                                {product} {ergonomic}
   size_t MinHeapDeltaBytes                        = 1048576                                   {product} {ergonomic}
    uintx NonNMethodCodeHeapSize                   = 5830732                                {pd product} {ergonomic}
    uintx NonProfiledCodeHeapSize                  = 122913754                              {pd product} {ergonomic}
    uintx ProfiledCodeHeapSize                     = 122913754                              {pd product} {ergonomic}
    uintx ReservedCodeCacheSize                    = 251658240                              {pd product} {ergonomic}
     bool SegmentedCodeCache                       = true                                      {product} {ergonomic}
     bool UseCompressedClassPointers               = true                                 {lp64_product} {ergonomic}
     bool UseCompressedOops                        = true                                 {lp64_product} {ergonomic}
     bool UseG1GC                                  = true                                      {product} {ergonomic}
     bool UseLargePagesIndividualAllocation        = false                                  {pd product} {ergonomic}

Logging:
Log output configuration:
 #0: stdout all=warning uptime,level,tags
 #1: stderr all=off uptime,level,tags

Environment Variables:
PATH=C:\Program Files\Java\jdk-12.0.1\bin;C:\Program Files (x86)\Common Files\Oracle\Java\javapath;C:\WINDOWS\system32;C:\WINDOWS;C:\WINDOWS\System32\Wbem;C:\WINDOWS\System32\WindowsPowerShell\v1.0\;C:\WINDOWS\System32\OpenSSH\;C:\Program Files\PuTTY\;C:\Program Files\Git\cmd;C:\Program Files\MATLAB\runtime\win64;C:\Program Files\MATLAB\bin;C:\Program Files\TortoiseHg\;C:\ProgramData\chocolatey\bin;C:\Program Files\Java\jdk-12.0.1\bin;C:\Program Files\Haskell\bin;C:\Program Files\Haskell Platform\8.6.5\lib\extralibs\bin;C:\Program Files\Haskell Platform\8.6.5\bin;C:\WINDOWS\system32;C:\WINDOWS;C:\WINDOWS\System32\Wbem;C:\WINDOWS\System32\WindowsPowerShell\v1.0\;C:\WINDOWS\System32\OpenSSH\;C:\Program Files\Haskell Platform\8.6.5\mingw\bin;C:\Program Files\PuTTY\;C:\Program Files\Git\cmd;C:\Program Files\MATLAB\R2019b\runtime\win64;C:\Program Files\MATLAB\R2019b\bin;C:\Users\ariel\AppData\Local\Microsoft\WindowsApps;C:\Users\ariel\AppData\Local\Programs\Microsoft VS Code\bin;C:\Users\ariel\AppData\Local\Programs\Python\Python37\Scripts;C:\Users\ariel\AppData\Local\Microsoft\WindowsApps;C:\Users\ariel\AppData\Roaming\cabal\bin;C:\ProgramData\chocolatey\lib\ghc\tools\ghc-8.10.3\bin;C:\tools\msys64;
USERNAME=ariel
OS=Windows_NT
PROCESSOR_IDENTIFIER=Intel64 Family 6 Model 142 Stepping 9, GenuineIntel



---------------  S Y S T E M  ---------------

OS: Windows 10 , 64 bit Build 19041 (10.0.19041.804)

CPU:total 4 (initial active 4) (2 cores per cpu, 2 threads per core) family 6 model 142 stepping 9, cmov, cx8, fxsr, mmx, sse, sse2, sse3, ssse3, sse4.1, sse4.2, popcnt, avx, avx2, aes, clmul, erms, 3dnowpref, lzcnt, ht, tsc, tscinvbit, bmi1, bmi2, adx, fma

Memory: 4k page, system-wide physical 8034M (677M free)
TotalPageFile size 8034M (AvailPageFile size 66M)
current process WorkingSet (physical memory assigned to process): 9M, peak: 9M
current process commit charge ("private bytes"): 51M, peak: 177M

vm_info: Java HotSpot(TM) 64-Bit Server VM (12.0.1+12) for windows-amd64 JRE (12.0.1+12), built on Apr  2 2019 14:02:19 by "mach5one" with MS VC++ 15.5 (VS2017)

END.
