#
# There is insufficient memory for the Java Runtime Environment to continue.
# Native memory allocation (malloc) failed to allocate 1462416 bytes for Chunk::new
# Possible reasons:
#   The system is out of physical RAM or swap space
#   The process is running with CompressedOops enabled, and the Java Heap may be blocking the growth of the native heap
# Possible solutions:
#   Reduce memory load on the system
#   Increase physical memory or swap space
#   Check if swap backing store is full
#   Decrease Java heap size (-Xmx/-Xms)
#   Decrease number of Java threads
#   Decrease Java thread stack sizes (-Xss)
#   Set larger code cache with -XX:ReservedCodeCacheSize=
#   JVM is running with Unscaled Compressed Oops mode in which the Java heap is
#     placed in the first 4GB address space. The Java Heap base address is the
#     maximum limit for the native heap growth. Please use -XX:HeapBaseMinAddress
#     to set the Java Heap base and to place the Java Heap above 4GB virtual address.
# This output file may be truncated or incomplete.
#
#  Out of Memory Error (t:/workspace/open/src/hotspot/share/memory/arena.cpp:197), pid=13156, tid=13516
#
# JRE version: Java(TM) SE Runtime Environment (12.0.1+12) (build 12.0.1+12)
# Java VM: Java HotSpot(TM) 64-Bit Server VM (12.0.1+12, mixed mode, sharing, tiered, compressed oops, g1 gc, windows-amd64)
# No core dump will be written. Minidumps are not enabled by default on client versions of Windows
#

---------------  S U M M A R Y ------------

Command Line: --add-opens=java.base/java.util=ALL-UNNAMED --add-opens=java.base/java.lang=ALL-UNNAMED --add-opens=java.base/java.lang.invoke=ALL-UNNAMED --add-opens=java.prefs/java.util.prefs=ALL-UNNAMED -Xmx2048m -Dfile.encoding=windows-1252 -Duser.country=GB -Duser.language=en -Duser.variant org.gradle.launcher.daemon.bootstrap.GradleDaemon 6.1.1

Host: Intel(R) Core(TM) i5-7200U CPU @ 2.50GHz, 4 cores, 7G,  Windows 10 , 64 bit Build 19041 (10.0.19041.804)
Time: Wed Mar  3 16:02:34 2021 GMT Standard Time elapsed time: 99 seconds (0d 0h 1m 39s)

---------------  T H R E A D  ---------------

Current thread (0x00000226fe25e800):  JavaThread "C2 CompilerThread0" daemon [_thread_in_native, id=13516, stack(0x000000981ac00000,0x000000981ad00000)]


Current CompileTask:
C2:  99203 11026       4       com.google.common.collect.LinkedListMultimap$DistinctKeyIterator::next (81 bytes)

Stack: [0x000000981ac00000,0x000000981ad00000]
Native frames: (J=compiled Java code, j=interpreted, Vv=VM code, C=native code)
V  [jvm.dll+0x63948a]
V  [jvm.dll+0x78b31f]
V  [jvm.dll+0x78c9c1]
V  [jvm.dll+0x78d013]
V  [jvm.dll+0x262138]
V  [jvm.dll+0xc582c]
V  [jvm.dll+0xc5dac]
V  [jvm.dll+0x379662]
V  [jvm.dll+0x345493]
V  [jvm.dll+0x34485a]
V  [jvm.dll+0x21c035]
V  [jvm.dll+0x21b20a]
V  [jvm.dll+0x199890]
V  [jvm.dll+0x22a534]
V  [jvm.dll+0x228b88]
V  [jvm.dll+0x74f660]
V  [jvm.dll+0x748648]
V  [jvm.dll+0x638566]
C  [ucrtbase.dll+0x21bb2]
C  [KERNEL32.DLL+0x17034]
C  [ntdll.dll+0x4d241]


---------------  P R O C E S S  ---------------

Threads class SMR info:
_java_thread_list=0x0000022691883bf0, length=43, elements={
0x00000226ee5e7000, 0x00000226fe23c000, 0x00000226fe23f000, 0x00000226fe25c000,
0x00000226fe25d000, 0x00000226fe25e800, 0x00000226fe261800, 0x00000226fe2a7800,
0x00000226feca5800, 0x00000226fecbd000, 0x000002268f290800, 0x000002268f48d800,
0x00000226fef84000, 0x00000226feed1800, 0x00000226feec5800, 0x000002268f399000,
0x000002268f394000, 0x000002268f39a000, 0x000002268f398800, 0x0000022690c76000,
0x0000022690c79800, 0x0000022690c7a000, 0x0000022690c74800, 0x0000022690c7b000,
0x0000022690c75800, 0x0000022690c7c000, 0x0000022690c7c800, 0x0000022690c77000,
0x0000022690c7f000, 0x0000022690c81800, 0x0000022690c7d800, 0x0000022690c7e800,
0x0000022690c80800, 0x0000022690c80000, 0x0000022690c82800, 0x000002268f395000,
0x000002268f396800, 0x000002268f39a800, 0x000002268f397800, 0x0000022690b6a000,
0x0000022690b66000, 0x0000022690b69800, 0x0000022692e05000
}

Java Threads: ( => current thread )
  0x00000226ee5e7000 JavaThread "main" [_thread_blocked, id=14588, stack(0x000000981a100000,0x000000981a200000)]
  0x00000226fe23c000 JavaThread "Reference Handler" daemon [_thread_blocked, id=7468, stack(0x000000981a800000,0x000000981a900000)]
  0x00000226fe23f000 JavaThread "Finalizer" daemon [_thread_blocked, id=11940, stack(0x000000981a900000,0x000000981aa00000)]
  0x00000226fe25c000 JavaThread "Signal Dispatcher" daemon [_thread_blocked, id=2500, stack(0x000000981aa00000,0x000000981ab00000)]
  0x00000226fe25d000 JavaThread "Attach Listener" daemon [_thread_blocked, id=72, stack(0x000000981ab00000,0x000000981ac00000)]
=>0x00000226fe25e800 JavaThread "C2 CompilerThread0" daemon [_thread_in_native, id=13516, stack(0x000000981ac00000,0x000000981ad00000)]
  0x00000226fe261800 JavaThread "C1 CompilerThread0" daemon [_thread_blocked, id=13540, stack(0x000000981ad00000,0x000000981ae00000)]
  0x00000226fe2a7800 JavaThread "Sweeper thread" daemon [_thread_blocked, id=15936, stack(0x000000981ae00000,0x000000981af00000)]
  0x00000226feca5800 JavaThread "Common-Cleaner" daemon [_thread_blocked, id=14984, stack(0x000000981af00000,0x000000981b000000)]
  0x00000226fecbd000 JavaThread "Service Thread" daemon [_thread_blocked, id=14824, stack(0x000000981b000000,0x000000981b100000)]
  0x000002268f290800 JavaThread "Daemon health stats" [_thread_blocked, id=15856, stack(0x000000981b400000,0x000000981b500000)]
  0x000002268f48d800 JavaThread "Incoming local TCP Connector on port 58549" [_thread_in_native, id=16880, stack(0x000000981b500000,0x000000981b600000)]
  0x00000226fef84000 JavaThread "Daemon periodic checks" [_thread_blocked, id=4752, stack(0x000000981b600000,0x000000981b700000)]
  0x00000226feed1800 JavaThread "Daemon" [_thread_blocked, id=7572, stack(0x000000981b700000,0x000000981b800000)]
  0x00000226feec5800 JavaThread "Daemon worker" [_thread_in_vm, id=4604, stack(0x000000981ba00000,0x000000981bb00000)]
  0x000002268f399000 JavaThread "Cache worker for journal cache (C:\Users\ariel\.gradle\caches\journal-1)" [_thread_blocked, id=11448, stack(0x000000981bf00000,0x000000981c000000)]
  0x000002268f394000 JavaThread "File lock request listener" [_thread_in_native, id=9168, stack(0x000000981c000000,0x000000981c100000)]
  0x000002268f39a000 JavaThread "Cache worker for file hash cache (C:\Users\ariel\.gradle\caches\6.1.1\fileHashes)" [_thread_blocked, id=9032, stack(0x000000981c100000,0x000000981c200000)]
  0x000002268f398800 JavaThread "Cache worker for execution history cache (C:\Users\ariel\.gradle\caches\6.1.1\executionHistory)" [_thread_blocked, id=10032, stack(0x000000981c700000,0x000000981c800000)]
  0x0000022690c76000 JavaThread "Handler for socket connection from /127.0.0.1:58549 to /127.0.0.1:58672" [_thread_in_native, id=12328, stack(0x0000009819f00000,0x000000981a000000)]
  0x0000022690c79800 JavaThread "Cancel handler" [_thread_blocked, id=2920, stack(0x000000981a000000,0x000000981a100000)]
  0x0000022690c7a000 JavaThread "Asynchronous log dispatcher for DefaultDaemonConnection: socket connection from /127.0.0.1:58549 to /127.0.0.1:58672" [_thread_blocked, id=6012, stack(0x000000981b800000,0x000000981b900000)]
  0x0000022690c74800 JavaThread "Stdin handler" [_thread_blocked, id=11208, stack(0x000000981b900000,0x000000981ba00000)]
  0x0000022690c7b000 JavaThread "Thread-43" [_thread_blocked, id=7684, stack(0x000000981bb00000,0x000000981bc00000)]
  0x0000022690c75800 JavaThread "Cache worker for checksums cache (C:\Users\ariel\OneDrive\Desktop\programming\Year-2\Project\KeepItTogether\Keep_It_Together_UI\.gradle\checksums)" [_thread_blocked, id=16800, stack(0x000000981bc00000,0x000000981bd00000)]
  0x0000022690c7c000 JavaThread "Cache worker for file hash cache (C:\Users\ariel\OneDrive\Desktop\programming\Year-2\Project\KeepItTogether\Keep_It_Together_UI\.gradle\6.1.1\fileHashes)" [_thread_blocked, id=12456, stack(0x000000981bd00000,0x000000981be00000)]
  0x0000022690c7c800 JavaThread "Cache worker for cache directory md-supplier (C:\Users\ariel\.gradle\caches\6.1.1\md-supplier)" [_thread_blocked, id=8932, stack(0x000000981c200000,0x000000981c300000)]
  0x0000022690c77000 JavaThread "Cache worker for cache directory md-rule (C:\Users\ariel\.gradle\caches\6.1.1\md-rule)" [_thread_blocked, id=8688, stack(0x000000981c300000,0x000000981c400000)]
  0x0000022690c7f000 JavaThread "Build operations" [_thread_blocked, id=7712, stack(0x000000981c500000,0x000000981c600000)]
  0x0000022690c81800 JavaThread "Build operations Thread 2" [_thread_blocked, id=11868, stack(0x000000981c600000,0x000000981c700000)]
  0x0000022690c7d800 JavaThread "Build operations Thread 3" [_thread_blocked, id=7632, stack(0x000000981c900000,0x000000981ca00000)]
  0x0000022690c7e800 JavaThread "Build operations Thread 4" [_thread_blocked, id=10576, stack(0x000000981ca00000,0x000000981cb00000)]
  0x0000022690c80800 JavaThread "pool-4-thread-1" [_thread_blocked, id=11740, stack(0x000000981cb00000,0x000000981cc00000)]
  0x0000022690c80000 JavaThread "Cache worker for Build Output Cleanup Cache (C:\Users\ariel\OneDrive\Desktop\programming\Year-2\Project\KeepItTogether\Keep_It_Together_UI\.gradle\buildOutputCleanup)" [_thread_blocked, id=15340, stack(0x000000981cc00000,0x000000981cd00000)]
  0x0000022690c82800 JavaThread "Memory manager" [_thread_blocked, id=7144, stack(0x000000981cd00000,0x000000981ce00000)]
  0x000002268f395000 JavaThread "Cache worker for file content cache (C:\Users\ariel\.gradle\caches\6.1.1\fileContent)" [_thread_blocked, id=17100, stack(0x000000981ce00000,0x000000981cf00000)]
  0x000002268f396800 JavaThread "Cache worker for file content cache (C:\Users\ariel\OneDrive\Desktop\programming\Year-2\Project\KeepItTogether\Keep_It_Together_UI\.gradle\6.1.1\fileContent)" [_thread_blocked, id=16420, stack(0x000000981cf00000,0x000000981d000000)]
  0x000002268f39a800 JavaThread "Execution worker for ':'" [_thread_blocked, id=9900, stack(0x000000981d000000,0x000000981d100000)]
  0x000002268f397800 JavaThread "Execution worker for ':' Thread 2" [_thread_blocked, id=6412, stack(0x000000981d100000,0x000000981d200000)]
  0x0000022690b6a000 JavaThread "Execution worker for ':' Thread 3" [_thread_blocked, id=1340, stack(0x000000981d400000,0x000000981d500000)]
  0x0000022690b66000 JavaThread "Cache worker for execution history cache (C:\Users\ariel\OneDrive\Desktop\programming\Year-2\Project\KeepItTogether\Keep_It_Together_UI\.gradle\6.1.1\executionHistory)" [_thread_blocked, id=9292, stack(0x000000981d500000,0x000000981d600000)]
  0x0000022690b69800 JavaThread "WorkerExecutor Queue" [_thread_blocked, id=2180, stack(0x000000981d600000,0x000000981d700000)]
  0x0000022692e05000 JavaThread "C2 CompilerThread1" daemon [_thread_in_native, id=16572, stack(0x000000981c400000,0x000000981c500000)]

Other Threads:
  0x00000226fe238000 VMThread "VM Thread" [stack: 0x000000981a700000,0x000000981a800000] [id=12896]
  0x00000226fecbf000 WatcherThread [stack: 0x000000981b100000,0x000000981b200000] [id=3480]
  0x00000226ee627800 GCTaskThread "GC Thread#0" [stack: 0x000000981a200000,0x000000981a300000] [id=4552]
  0x00000226ff42e800 GCTaskThread "GC Thread#1" [stack: 0x000000981b200000,0x000000981b300000] [id=11064]
  0x00000226ff42f000 GCTaskThread "GC Thread#2" [stack: 0x000000981b300000,0x000000981b400000] [id=12024]
  0x00000226ff159000 GCTaskThread "GC Thread#3" [stack: 0x000000981be00000,0x000000981bf00000] [id=8968]
  0x00000226ee635800 ConcurrentGCThread "G1 Main Marker" [stack: 0x000000981a300000,0x000000981a400000] [id=3516]
  0x00000226ee637800 ConcurrentGCThread "G1 Conc#0" [stack: 0x000000981a400000,0x000000981a500000] [id=16768]
  0x00000226ee6c5800 ConcurrentGCThread "G1 Refine#0" [stack: 0x000000981a500000,0x000000981a600000] [id=14108]
  0x00000226ee6c6800 ConcurrentGCThread "G1 Young RemSet Sampling" [stack: 0x000000981a600000,0x000000981a700000] [id=12636]

Threads with active compile tasks:
C2 CompilerThread0  11026       4       com.google.common.collect.LinkedListMultimap$DistinctKeyIterator::next (81 bytes)
C2 CompilerThread1  11028       4       com.google.common.collect.TransformedIterator::next (14 bytes)

VM state:not at safepoint (normal execution)

VM Mutex/Monitor currently owned by a thread:  ([mutex/lock_event])
[0x00000226ee5e1eb0] MetaspaceExpand_lock - owner thread: 0x0000000000000000

Heap address: 0x0000000080000000, size: 2048 MB, Compressed Oops mode: 32-bit
Narrow klass base: 0x0000000800000000, Narrow klass shift: 3
Compressed class space size: 1073741824 Address: 0x00000008011a0000

Heap:
 garbage-first heap   total 162816K, used 114130K [0x0000000080000000, 0x0000000100000000)
  region size 1024K, 23 young (23552K), 4 survivors (4096K)
 Metaspace       used 79052K, capacity 81596K, committed 81744K, reserved 1120256K
  class space    used 10331K, capacity 11121K, committed 11212K, reserved 1048576K
Heap Regions: E=young(eden), S=young(survivor), O=old, HS=humongous(starts), HC=humongous(continues), CS=collection set, F=free, A=archive, TAMS=top-at-mark-start (previous, next)
|   0|0x0000000080000000, 0x0000000080100000, 0x0000000080100000|100%| O|  |TAMS 0x0000000080100000, 0x0000000080000000| Untracked 
|   1|0x0000000080100000, 0x0000000080200000, 0x0000000080200000|100%| O|  |TAMS 0x0000000080200000, 0x0000000080100000| Untracked 
|   2|0x0000000080200000, 0x0000000080300000, 0x0000000080300000|100%| O|  |TAMS 0x0000000080300000, 0x0000000080200000| Untracked 
|   3|0x0000000080300000, 0x0000000080400000, 0x0000000080400000|100%|HS|  |TAMS 0x0000000080400000, 0x0000000080300000| Complete 
|   4|0x0000000080400000, 0x0000000080500000, 0x0000000080500000|100%|HC|  |TAMS 0x0000000080500000, 0x0000000080400000| Complete 
|   5|0x0000000080500000, 0x0000000080600000, 0x0000000080600000|100%|HC|  |TAMS 0x0000000080600000, 0x0000000080500000| Complete 
|   6|0x0000000080600000, 0x0000000080700000, 0x0000000080700000|100%| O|  |TAMS 0x0000000080700000, 0x0000000080600000| Untracked 
|   7|0x0000000080700000, 0x0000000080800000, 0x0000000080800000|100%| O|  |TAMS 0x0000000080800000, 0x0000000080700000| Untracked 
|   8|0x0000000080800000, 0x0000000080900000, 0x0000000080900000|100%| O|  |TAMS 0x0000000080900000, 0x0000000080800000| Untracked 
|   9|0x0000000080900000, 0x0000000080a00000, 0x0000000080a00000|100%| O|  |TAMS 0x0000000080a00000, 0x0000000080900000| Untracked 
|  10|0x0000000080a00000, 0x0000000080b00000, 0x0000000080b00000|100%| O|  |TAMS 0x0000000080b00000, 0x0000000080a00000| Untracked 
|  11|0x0000000080b00000, 0x0000000080c00000, 0x0000000080c00000|100%| O|  |TAMS 0x0000000080c00000, 0x0000000080b00000| Untracked 
|  12|0x0000000080c00000, 0x0000000080cd1200, 0x0000000080d00000| 81%| O|  |TAMS 0x0000000080cd1200, 0x0000000080c00000| Untracked 
|  13|0x0000000080d00000, 0x0000000080e00000, 0x0000000080e00000|100%| O|  |TAMS 0x0000000080e00000, 0x0000000080d00000| Untracked 
|  14|0x0000000080e00000, 0x0000000080f00000, 0x0000000080f00000|100%| O|  |TAMS 0x0000000080f00000, 0x0000000080e00000| Untracked 
|  15|0x0000000080f00000, 0x0000000081000000, 0x0000000081000000|100%| O|  |TAMS 0x0000000081000000, 0x0000000080f00000| Untracked 
|  16|0x0000000081000000, 0x0000000081100000, 0x0000000081100000|100%| O|  |TAMS 0x0000000081100000, 0x0000000081000000| Untracked 
|  17|0x0000000081100000, 0x0000000081200000, 0x0000000081200000|100%| O|  |TAMS 0x0000000081200000, 0x0000000081100000| Untracked 
|  18|0x0000000081200000, 0x0000000081300000, 0x0000000081300000|100%| O|  |TAMS 0x0000000081300000, 0x0000000081200000| Untracked 
|  19|0x0000000081300000, 0x0000000081400000, 0x0000000081400000|100%| O|  |TAMS 0x0000000081400000, 0x0000000081300000| Untracked 
|  20|0x0000000081400000, 0x0000000081500000, 0x0000000081500000|100%| O|  |TAMS 0x0000000081500000, 0x0000000081400000| Untracked 
|  21|0x0000000081500000, 0x0000000081600000, 0x0000000081600000|100%| O|  |TAMS 0x0000000081600000, 0x0000000081500000| Untracked 
|  22|0x0000000081600000, 0x0000000081700000, 0x0000000081700000|100%| O|  |TAMS 0x0000000081700000, 0x0000000081600000| Untracked 
|  23|0x0000000081700000, 0x0000000081800000, 0x0000000081800000|100%|HS|  |TAMS 0x0000000081800000, 0x0000000081700000| Complete 
|  24|0x0000000081800000, 0x0000000081900000, 0x0000000081900000|100%|HC|  |TAMS 0x0000000081900000, 0x0000000081800000| Complete 
|  25|0x0000000081900000, 0x0000000081a00000, 0x0000000081a00000|100%|HC|  |TAMS 0x0000000081a00000, 0x0000000081900000| Complete 
|  26|0x0000000081a00000, 0x0000000081b00000, 0x0000000081b00000|100%|HS|  |TAMS 0x0000000081b00000, 0x0000000081a00000| Complete 
|  27|0x0000000081b00000, 0x0000000081c00000, 0x0000000081c00000|100%|HC|  |TAMS 0x0000000081c00000, 0x0000000081b00000| Complete 
|  28|0x0000000081c00000, 0x0000000081d00000, 0x0000000081d00000|100%| O|  |TAMS 0x0000000081d00000, 0x0000000081c00000| Untracked 
|  29|0x0000000081d00000, 0x0000000081e00000, 0x0000000081e00000|100%| O|  |TAMS 0x0000000081e00000, 0x0000000081d00000| Untracked 
|  30|0x0000000081e00000, 0x0000000081f00000, 0x0000000081f00000|100%| O|  |TAMS 0x0000000081f00000, 0x0000000081e00000| Untracked 
|  31|0x0000000081f00000, 0x0000000082000000, 0x0000000082000000|100%| O|  |TAMS 0x0000000082000000, 0x0000000081f00000| Untracked 
|  32|0x0000000082000000, 0x0000000082100000, 0x0000000082100000|100%| O|  |TAMS 0x0000000082100000, 0x0000000082000000| Untracked 
|  33|0x0000000082100000, 0x0000000082200000, 0x0000000082200000|100%| O|  |TAMS 0x0000000082200000, 0x0000000082100000| Untracked 
|  34|0x0000000082200000, 0x0000000082300000, 0x0000000082300000|100%| O|  |TAMS 0x0000000082300000, 0x0000000082200000| Untracked 
|  35|0x0000000082300000, 0x0000000082400000, 0x0000000082400000|100%| O|  |TAMS 0x0000000082400000, 0x0000000082300000| Untracked 
|  36|0x0000000082400000, 0x0000000082500000, 0x0000000082500000|100%| O|  |TAMS 0x0000000082500000, 0x0000000082400000| Untracked 
|  37|0x0000000082500000, 0x0000000082600000, 0x0000000082600000|100%| O|  |TAMS 0x0000000082600000, 0x0000000082500000| Untracked 
|  38|0x0000000082600000, 0x0000000082700000, 0x0000000082700000|100%| O|  |TAMS 0x0000000082700000, 0x0000000082600000| Untracked 
|  39|0x0000000082700000, 0x0000000082800000, 0x0000000082800000|100%| O|  |TAMS 0x0000000082800000, 0x0000000082700000| Untracked 
|  40|0x0000000082800000, 0x0000000082900000, 0x0000000082900000|100%| O|  |TAMS 0x0000000082900000, 0x0000000082800000| Untracked 
|  41|0x0000000082900000, 0x0000000082a00000, 0x0000000082a00000|100%| O|  |TAMS 0x0000000082a00000, 0x0000000082900000| Untracked 
|  42|0x0000000082a00000, 0x0000000082b00000, 0x0000000082b00000|100%| O|  |TAMS 0x0000000082b00000, 0x0000000082a00000| Untracked 
|  43|0x0000000082b00000, 0x0000000082c00000, 0x0000000082c00000|100%| O|  |TAMS 0x0000000082c00000, 0x0000000082b00000| Untracked 
|  44|0x0000000082c00000, 0x0000000082d00000, 0x0000000082d00000|100%| O|  |TAMS 0x0000000082d00000, 0x0000000082c00000| Untracked 
|  45|0x0000000082d00000, 0x0000000082e00000, 0x0000000082e00000|100%| O|  |TAMS 0x0000000082e00000, 0x0000000082d00000| Untracked 
|  46|0x0000000082e00000, 0x0000000082f00000, 0x0000000082f00000|100%|HS|  |TAMS 0x0000000082f00000, 0x0000000082e00000| Complete 
|  47|0x0000000082f00000, 0x0000000083000000, 0x0000000083000000|100%|HC|  |TAMS 0x0000000083000000, 0x0000000082f00000| Complete 
|  48|0x0000000083000000, 0x0000000083100000, 0x0000000083100000|100%|HS|  |TAMS 0x0000000083100000, 0x0000000083000000| Complete 
|  49|0x0000000083100000, 0x0000000083200000, 0x0000000083200000|100%|HC|  |TAMS 0x0000000083200000, 0x0000000083100000| Complete 
|  50|0x0000000083200000, 0x0000000083300000, 0x0000000083300000|100%|HC|  |TAMS 0x0000000083300000, 0x0000000083200000| Complete 
|  51|0x0000000083300000, 0x0000000083400000, 0x0000000083400000|100%|HS|  |TAMS 0x0000000083400000, 0x0000000083300000| Complete 
|  52|0x0000000083400000, 0x0000000083500000, 0x0000000083500000|100%|HC|  |TAMS 0x0000000083500000, 0x0000000083400000| Complete 
|  53|0x0000000083500000, 0x0000000083600000, 0x0000000083600000|100%|HC|  |TAMS 0x0000000083600000, 0x0000000083500000| Complete 
|  54|0x0000000083600000, 0x0000000083700000, 0x0000000083700000|100%|HC|  |TAMS 0x0000000083700000, 0x0000000083600000| Complete 
|  55|0x0000000083700000, 0x0000000083800000, 0x0000000083800000|100%|HS|  |TAMS 0x0000000083800000, 0x0000000083700000| Complete 
|  56|0x0000000083800000, 0x0000000083900000, 0x0000000083900000|100%|HC|  |TAMS 0x0000000083900000, 0x0000000083800000| Complete 
|  57|0x0000000083900000, 0x0000000083a00000, 0x0000000083a00000|100%|HC|  |TAMS 0x0000000083a00000, 0x0000000083900000| Complete 
|  58|0x0000000083a00000, 0x0000000083b00000, 0x0000000083b00000|100%|HC|  |TAMS 0x0000000083b00000, 0x0000000083a00000| Complete 
|  59|0x0000000083b00000, 0x0000000083c00000, 0x0000000083c00000|100%| O|  |TAMS 0x0000000083c00000, 0x0000000083b00000| Untracked 
|  60|0x0000000083c00000, 0x0000000083d00000, 0x0000000083d00000|100%| O|  |TAMS 0x0000000083d00000, 0x0000000083c00000| Untracked 
|  61|0x0000000083d00000, 0x0000000083e00000, 0x0000000083e00000|100%| O|  |TAMS 0x0000000083e00000, 0x0000000083d00000| Untracked 
|  62|0x0000000083e00000, 0x0000000083f00000, 0x0000000083f00000|100%| O|  |TAMS 0x0000000083f00000, 0x0000000083e00000| Untracked 
|  63|0x0000000083f00000, 0x0000000084000000, 0x0000000084000000|100%| O|  |TAMS 0x0000000084000000, 0x0000000083f00000| Untracked 
|  64|0x0000000084000000, 0x0000000084100000, 0x0000000084100000|100%| O|  |TAMS 0x0000000084100000, 0x0000000084000000| Untracked 
|  65|0x0000000084100000, 0x0000000084200000, 0x0000000084200000|100%| O|  |TAMS 0x0000000084200000, 0x0000000084100000| Untracked 
|  66|0x0000000084200000, 0x0000000084300000, 0x0000000084300000|100%| O|  |TAMS 0x0000000084300000, 0x0000000084200000| Untracked 
|  67|0x0000000084300000, 0x0000000084400000, 0x0000000084400000|100%| O|  |TAMS 0x0000000084400000, 0x0000000084300000| Untracked 
|  68|0x0000000084400000, 0x0000000084500000, 0x0000000084500000|100%| O|  |TAMS 0x0000000084500000, 0x0000000084400000| Untracked 
|  69|0x0000000084500000, 0x0000000084600000, 0x0000000084600000|100%| O|  |TAMS 0x0000000084600000, 0x0000000084500000| Untracked 
|  70|0x0000000084600000, 0x0000000084700000, 0x0000000084700000|100%| O|  |TAMS 0x0000000084700000, 0x0000000084600000| Untracked 
|  71|0x0000000084700000, 0x0000000084800000, 0x0000000084800000|100%| O|  |TAMS 0x0000000084800000, 0x0000000084700000| Untracked 
|  72|0x0000000084800000, 0x0000000084900000, 0x0000000084900000|100%| O|  |TAMS 0x0000000084900000, 0x0000000084800000| Untracked 
|  73|0x0000000084900000, 0x0000000084a00000, 0x0000000084a00000|100%| O|  |TAMS 0x0000000084a00000, 0x0000000084900000| Untracked 
|  74|0x0000000084a00000, 0x0000000084b00000, 0x0000000084b00000|100%| O|  |TAMS 0x0000000084b00000, 0x0000000084a00000| Untracked 
|  75|0x0000000084b00000, 0x0000000084c00000, 0x0000000084c00000|100%| O|  |TAMS 0x0000000084c00000, 0x0000000084b00000| Untracked 
|  76|0x0000000084c00000, 0x0000000084d00000, 0x0000000084d00000|100%| O|  |TAMS 0x0000000084d00000, 0x0000000084c00000| Untracked 
|  77|0x0000000084d00000, 0x0000000084e00000, 0x0000000084e00000|100%| O|  |TAMS 0x0000000084e00000, 0x0000000084d00000| Untracked 
|  78|0x0000000084e00000, 0x0000000084f00000, 0x0000000084f00000|100%| O|  |TAMS 0x0000000084f00000, 0x0000000084e00000| Untracked 
|  79|0x0000000084f00000, 0x0000000085000000, 0x0000000085000000|100%| O|  |TAMS 0x0000000085000000, 0x0000000084f00000| Untracked 
|  80|0x0000000085000000, 0x0000000085100000, 0x0000000085100000|100%| O|  |TAMS 0x0000000085100000, 0x0000000085000000| Untracked 
|  81|0x0000000085100000, 0x0000000085200000, 0x0000000085200000|100%| O|  |TAMS 0x00000000851d3800, 0x0000000085100000| Untracked 
|  82|0x0000000085200000, 0x0000000085300000, 0x0000000085300000|100%| O|  |TAMS 0x0000000085200000, 0x0000000085200000| Untracked 
|  83|0x0000000085300000, 0x0000000085400000, 0x0000000085400000|100%| O|  |TAMS 0x0000000085300000, 0x0000000085300000| Untracked 
|  84|0x0000000085400000, 0x0000000085500000, 0x0000000085500000|100%| O|  |TAMS 0x0000000085400000, 0x0000000085400000| Untracked 
|  85|0x0000000085500000, 0x0000000085600000, 0x0000000085600000|100%| O|  |TAMS 0x0000000085500000, 0x0000000085500000| Untracked 
|  86|0x0000000085600000, 0x0000000085700000, 0x0000000085700000|100%| O|  |TAMS 0x0000000085600000, 0x0000000085600000| Untracked 
|  87|0x0000000085700000, 0x0000000085800000, 0x0000000085800000|100%| O|  |TAMS 0x0000000085700000, 0x0000000085700000| Untracked 
|  88|0x0000000085800000, 0x0000000085900000, 0x0000000085900000|100%| O|  |TAMS 0x0000000085800000, 0x0000000085800000| Untracked 
|  89|0x0000000085900000, 0x00000000859a3600, 0x0000000085a00000| 63%| O|  |TAMS 0x0000000085900000, 0x0000000085900000| Untracked 
|  90|0x0000000085a00000, 0x0000000085a00000, 0x0000000085b00000|  0%| F|  |TAMS 0x0000000085a00000, 0x0000000085a00000| Untracked 
|  91|0x0000000085b00000, 0x0000000085b00000, 0x0000000085c00000|  0%| F|  |TAMS 0x0000000085b00000, 0x0000000085b00000| Untracked 
|  92|0x0000000085c00000, 0x0000000085c00000, 0x0000000085d00000|  0%| F|  |TAMS 0x0000000085c00000, 0x0000000085c00000| Untracked 
|  93|0x0000000085d00000, 0x0000000085d00000, 0x0000000085e00000|  0%| F|  |TAMS 0x0000000085d00000, 0x0000000085d00000| Untracked 
|  94|0x0000000085e00000, 0x0000000085e00000, 0x0000000085f00000|  0%| F|  |TAMS 0x0000000085e00000, 0x0000000085e00000| Untracked 
|  95|0x0000000085f00000, 0x0000000085f00000, 0x0000000086000000|  0%| F|  |TAMS 0x0000000085f00000, 0x0000000085f00000| Untracked 
|  96|0x0000000086000000, 0x0000000086000000, 0x0000000086100000|  0%| F|  |TAMS 0x0000000086000000, 0x0000000086000000| Untracked 
|  97|0x0000000086100000, 0x0000000086100000, 0x0000000086200000|  0%| F|  |TAMS 0x0000000086100000, 0x0000000086100000| Untracked 
|  98|0x0000000086200000, 0x0000000086200000, 0x0000000086300000|  0%| F|  |TAMS 0x0000000086200000, 0x0000000086200000| Untracked 
|  99|0x0000000086300000, 0x0000000086300000, 0x0000000086400000|  0%| F|  |TAMS 0x0000000086300000, 0x0000000086300000| Untracked 
| 100|0x0000000086400000, 0x0000000086400000, 0x0000000086500000|  0%| F|  |TAMS 0x0000000086400000, 0x0000000086400000| Untracked 
| 101|0x0000000086500000, 0x0000000086500000, 0x0000000086600000|  0%| F|  |TAMS 0x0000000086500000, 0x0000000086500000| Untracked 
| 102|0x0000000086600000, 0x0000000086600000, 0x0000000086700000|  0%| F|  |TAMS 0x0000000086600000, 0x0000000086600000| Untracked 
| 103|0x0000000086700000, 0x0000000086700000, 0x0000000086800000|  0%| F|  |TAMS 0x0000000086700000, 0x0000000086700000| Untracked 
| 104|0x0000000086800000, 0x0000000086800000, 0x0000000086900000|  0%| F|  |TAMS 0x0000000086800000, 0x0000000086800000| Untracked 
| 105|0x0000000086900000, 0x0000000086900000, 0x0000000086a00000|  0%| F|  |TAMS 0x0000000086900000, 0x0000000086900000| Untracked 
| 106|0x0000000086a00000, 0x0000000086a00000, 0x0000000086b00000|  0%| F|  |TAMS 0x0000000086a00000, 0x0000000086a00000| Untracked 
| 107|0x0000000086b00000, 0x0000000086b00000, 0x0000000086c00000|  0%| F|  |TAMS 0x0000000086b00000, 0x0000000086b00000| Untracked 
| 108|0x0000000086c00000, 0x0000000086c00000, 0x0000000086d00000|  0%| F|  |TAMS 0x0000000086c00000, 0x0000000086c00000| Untracked 
| 109|0x0000000086d00000, 0x0000000086d00000, 0x0000000086e00000|  0%| F|  |TAMS 0x0000000086d00000, 0x0000000086d00000| Untracked 
| 110|0x0000000086e00000, 0x0000000086e00000, 0x0000000086f00000|  0%| F|  |TAMS 0x0000000086e00000, 0x0000000086e00000| Untracked 
| 111|0x0000000086f00000, 0x0000000086f00000, 0x0000000087000000|  0%| F|  |TAMS 0x0000000086f00000, 0x0000000086f00000| Untracked 
| 112|0x0000000087000000, 0x0000000087000000, 0x0000000087100000|  0%| F|  |TAMS 0x0000000087000000, 0x0000000087000000| Untracked 
| 113|0x0000000087100000, 0x0000000087100000, 0x0000000087200000|  0%| F|  |TAMS 0x0000000087100000, 0x0000000087100000| Untracked 
| 114|0x0000000087200000, 0x0000000087200000, 0x0000000087300000|  0%| F|  |TAMS 0x0000000087200000, 0x0000000087200000| Untracked 
| 115|0x0000000087300000, 0x0000000087300000, 0x0000000087400000|  0%| F|  |TAMS 0x0000000087300000, 0x0000000087300000| Untracked 
| 116|0x0000000087400000, 0x0000000087400000, 0x0000000087500000|  0%| F|  |TAMS 0x0000000087400000, 0x0000000087400000| Untracked 
| 117|0x0000000087500000, 0x0000000087500000, 0x0000000087600000|  0%| F|  |TAMS 0x0000000087500000, 0x0000000087500000| Untracked 
| 118|0x0000000087600000, 0x0000000087600000, 0x0000000087700000|  0%| F|  |TAMS 0x0000000087600000, 0x0000000087600000| Untracked 
| 119|0x0000000087700000, 0x0000000087700000, 0x0000000087800000|  0%| F|  |TAMS 0x0000000087700000, 0x0000000087700000| Untracked 
| 120|0x0000000087800000, 0x0000000087800000, 0x0000000087900000|  0%| F|  |TAMS 0x0000000087800000, 0x0000000087800000| Untracked 
| 121|0x0000000087900000, 0x0000000087900000, 0x0000000087a00000|  0%| F|  |TAMS 0x0000000087900000, 0x0000000087900000| Untracked 
| 122|0x0000000087a00000, 0x0000000087a00000, 0x0000000087b00000|  0%| F|  |TAMS 0x0000000087a00000, 0x0000000087a00000| Untracked 
| 123|0x0000000087b00000, 0x0000000087b00000, 0x0000000087c00000|  0%| F|  |TAMS 0x0000000087b00000, 0x0000000087b00000| Untracked 
| 124|0x0000000087c00000, 0x0000000087c00000, 0x0000000087d00000|  0%| F|  |TAMS 0x0000000087c00000, 0x0000000087c00000| Untracked 
| 125|0x0000000087d00000, 0x0000000087d00000, 0x0000000087e00000|  0%| F|  |TAMS 0x0000000087d00000, 0x0000000087d00000| Untracked 
| 126|0x0000000087e00000, 0x0000000087f00000, 0x0000000087f00000|100%| S|CS|TAMS 0x0000000087e00000, 0x0000000087e00000| Complete 
| 127|0x0000000087f00000, 0x0000000088000000, 0x0000000088000000|100%| S|CS|TAMS 0x0000000087f00000, 0x0000000087f00000| Complete 
| 128|0x0000000088000000, 0x0000000088100000, 0x0000000088100000|100%| S|CS|TAMS 0x0000000088000000, 0x0000000088000000| Complete 
| 129|0x0000000088100000, 0x0000000088200000, 0x0000000088200000|100%| S|CS|TAMS 0x0000000088100000, 0x0000000088100000| Complete 
| 130|0x0000000088200000, 0x0000000088200000, 0x0000000088300000|  0%| F|  |TAMS 0x0000000088200000, 0x0000000088200000| Untracked 
| 131|0x0000000088300000, 0x0000000088300000, 0x0000000088400000|  0%| F|  |TAMS 0x0000000088300000, 0x0000000088300000| Untracked 
| 132|0x0000000088400000, 0x0000000088400000, 0x0000000088500000|  0%| F|  |TAMS 0x0000000088400000, 0x0000000088400000| Untracked 
| 133|0x0000000088500000, 0x0000000088500000, 0x0000000088600000|  0%| F|  |TAMS 0x0000000088500000, 0x0000000088500000| Untracked 
| 134|0x0000000088600000, 0x0000000088600000, 0x0000000088700000|  0%| F|  |TAMS 0x0000000088600000, 0x0000000088600000| Untracked 
| 135|0x0000000088700000, 0x0000000088700000, 0x0000000088800000|  0%| F|  |TAMS 0x0000000088700000, 0x0000000088700000| Untracked 
| 136|0x0000000088800000, 0x0000000088800000, 0x0000000088900000|  0%| F|  |TAMS 0x0000000088800000, 0x0000000088800000| Untracked 
| 137|0x0000000088900000, 0x0000000088900000, 0x0000000088a00000|  0%| F|  |TAMS 0x0000000088900000, 0x0000000088900000| Untracked 
| 138|0x0000000088a00000, 0x0000000088a00000, 0x0000000088b00000|  0%| F|  |TAMS 0x0000000088a00000, 0x0000000088a00000| Untracked 
| 139|0x0000000088b00000, 0x0000000088b00000, 0x0000000088c00000|  0%| F|  |TAMS 0x0000000088b00000, 0x0000000088b00000| Untracked 
| 140|0x0000000088c00000, 0x0000000088ceff58, 0x0000000088d00000| 93%| E|  |TAMS 0x0000000088c00000, 0x0000000088c00000| Complete 
| 141|0x0000000088d00000, 0x0000000088e00000, 0x0000000088e00000|100%| E|CS|TAMS 0x0000000088d00000, 0x0000000088d00000| Complete 
| 142|0x0000000088e00000, 0x0000000088f00000, 0x0000000088f00000|100%| E|CS|TAMS 0x0000000088e00000, 0x0000000088e00000| Complete 
| 143|0x0000000088f00000, 0x0000000089000000, 0x0000000089000000|100%| E|CS|TAMS 0x0000000088f00000, 0x0000000088f00000| Complete 
| 144|0x0000000089000000, 0x0000000089100000, 0x0000000089100000|100%| E|CS|TAMS 0x0000000089000000, 0x0000000089000000| Complete 
| 145|0x0000000089100000, 0x0000000089200000, 0x0000000089200000|100%| E|CS|TAMS 0x0000000089100000, 0x0000000089100000| Complete 
| 146|0x0000000089200000, 0x0000000089300000, 0x0000000089300000|100%| E|CS|TAMS 0x0000000089200000, 0x0000000089200000| Complete 
| 147|0x0000000089300000, 0x0000000089400000, 0x0000000089400000|100%| E|CS|TAMS 0x0000000089300000, 0x0000000089300000| Complete 
| 148|0x0000000089400000, 0x0000000089500000, 0x0000000089500000|100%| E|CS|TAMS 0x0000000089400000, 0x0000000089400000| Complete 
| 149|0x0000000089500000, 0x0000000089600000, 0x0000000089600000|100%| E|CS|TAMS 0x0000000089500000, 0x0000000089500000| Complete 
| 150|0x0000000089600000, 0x0000000089700000, 0x0000000089700000|100%| E|CS|TAMS 0x0000000089600000, 0x0000000089600000| Complete 
| 151|0x0000000089700000, 0x0000000089800000, 0x0000000089800000|100%| E|CS|TAMS 0x0000000089700000, 0x0000000089700000| Complete 
| 152|0x0000000089800000, 0x0000000089900000, 0x0000000089900000|100%| E|CS|TAMS 0x0000000089800000, 0x0000000089800000| Complete 
| 153|0x0000000089900000, 0x0000000089a00000, 0x0000000089a00000|100%| E|CS|TAMS 0x0000000089900000, 0x0000000089900000| Complete 
| 154|0x0000000089a00000, 0x0000000089b00000, 0x0000000089b00000|100%| E|CS|TAMS 0x0000000089a00000, 0x0000000089a00000| Complete 
| 155|0x0000000089b00000, 0x0000000089c00000, 0x0000000089c00000|100%| E|CS|TAMS 0x0000000089b00000, 0x0000000089b00000| Complete 
| 156|0x0000000089c00000, 0x0000000089d00000, 0x0000000089d00000|100%| E|CS|TAMS 0x0000000089c00000, 0x0000000089c00000| Complete 
| 157|0x0000000089d00000, 0x0000000089e00000, 0x0000000089e00000|100%| E|CS|TAMS 0x0000000089d00000, 0x0000000089d00000| Complete 
| 158|0x0000000089e00000, 0x0000000089f00000, 0x0000000089f00000|100%| E|CS|TAMS 0x0000000089e00000, 0x0000000089e00000| Complete 

Card table byte_map: [0x00000226f7430000,0x00000226f7830000] _byte_map_base: 0x00000226f7030000

Marking Bits (Prev, Next): (CMBitMap*) 0x00000226ee628888, (CMBitMap*) 0x00000226ee628848
 Prev Bits: [0x00000226f9c30000, 0x00000226fbc30000)
 Next Bits: [0x00000226f7c30000, 0x00000226f9c30000)

Polling page: 0x00000226eccb0000

Metaspace:

Usage:
  Non-class:     68.82 MB capacity,    67.12 MB ( 98%) used,     1.50 MB (  2%) free+waste,   214.81 KB ( <1%) overhead. 
      Class:     10.86 MB capacity,    10.09 MB ( 93%) used,   691.72 KB (  6%) free+waste,    97.69 KB ( <1%) overhead. 
       Both:     79.68 MB capacity,    77.21 MB ( 97%) used,     2.17 MB (  3%) free+waste,   312.50 KB ( <1%) overhead. 

Virtual space:
  Non-class space:       70.00 MB reserved,      68.88 MB ( 98%) committed 
      Class space:        1.00 GB reserved,      10.95 MB (  1%) committed 
             Both:        1.07 GB reserved,      79.83 MB (  7%) committed 

Chunk freelists:
   Non-Class:  7.13 KB
       Class:  1.88 KB
        Both:  9.00 KB

CodeHeap 'non-profiled nmethods': size=120064Kb used=5643Kb max_used=5643Kb free=114420Kb
 bounds [0x0000022687ac0000, 0x0000022688050000, 0x000002268f000000]
CodeHeap 'profiled nmethods': size=120000Kb used=22615Kb max_used=23327Kb free=97384Kb
 bounds [0x0000022680590000, 0x0000022681c80000, 0x0000022687ac0000]
CodeHeap 'non-nmethods': size=5696Kb used=2302Kb max_used=2369Kb free=3394Kb
 bounds [0x0000022680000000, 0x0000022680270000, 0x0000022680590000]
 total_blobs=14533 nmethods=9709 adapters=796
 compilation: enabled
              stopped_count=0, restarted_count=0
 full_count=0

Compilation events (10 events):
Event: 99.135 Thread 0x00000226fe261800 11034       3       com.android.ide.common.resources.ResourceMergerItem::getSourceType (47 bytes)
Event: 99.136 Thread 0x00000226fe261800 nmethod 11034 0x0000022680c85190 code [0x0000022680c85420, 0x0000022680c86030]
Event: 99.136 Thread 0x00000226fe261800 11035       3       com.google.common.collect.LinkedListMultimap$NodeIterator::next (5 bytes)
Event: 99.136 Thread 0x00000226fe261800 nmethod 11035 0x0000022680a1c890 code [0x0000022680a1ca60, 0x0000022680a1cc30]
Event: 99.136 Thread 0x00000226fe261800 11036       3       com.google.common.collect.LinkedListMultimap$1ValuesImpl$1::transform (9 bytes)
Event: 99.137 Thread 0x00000226fe261800 nmethod 11036 0x0000022680c31910 code [0x0000022680c31ae0, 0x0000022680c31ed0]
Event: 99.137 Thread 0x00000226fe261800 11037       3       com.google.common.collect.LinkedListMultimap$1ValuesImpl$1::transform (7 bytes)
Event: 99.137 Thread 0x00000226fe261800 nmethod 11037 0x0000022680a34710 code [0x0000022680a348e0, 0x0000022680a34b30]
Event: 99.137 Thread 0x00000226fe261800 11038       3       com.google.common.collect.LinkedListMultimap$NodeIterator::next (50 bytes)
Event: 99.138 Thread 0x00000226fe261800 nmethod 11038 0x0000022680c3a610 code [0x0000022680c3a820, 0x0000022680c3ae20]

GC Heap History (10 events):
Event: 84.169 GC heap before
{Heap before GC invocations=45 (full 0):
 garbage-first heap   total 147456K, used 108188K [0x0000000080000000, 0x0000000100000000)
  region size 1024K, 32 young (32768K), 4 survivors (4096K)
 Metaspace       used 73856K, capacity 75967K, committed 76240K, reserved 1116160K
  class space    used 9794K, capacity 10468K, committed 10572K, reserved 1048576K
}
Event: 84.182 GC heap after
{Heap after GC invocations=46 (full 0):
 garbage-first heap   total 147456K, used 82519K [0x0000000080000000, 0x0000000100000000)
  region size 1024K, 4 young (4096K), 4 survivors (4096K)
 Metaspace       used 73856K, capacity 75967K, committed 76240K, reserved 1116160K
  class space    used 9794K, capacity 10468K, committed 10572K, reserved 1048576K
}
Event: 92.246 GC heap before
{Heap before GC invocations=46 (full 0):
 garbage-first heap   total 147456K, used 114263K [0x0000000080000000, 0x0000000100000000)
  region size 1024K, 35 young (35840K), 4 survivors (4096K)
 Metaspace       used 76059K, capacity 78451K, committed 78544K, reserved 1118208K
  class space    used 10019K, capacity 10767K, committed 10828K, reserved 1048576K
}
Event: 92.258 GC heap after
{Heap after GC invocations=47 (full 0):
 garbage-first heap   total 147456K, used 84560K [0x0000000080000000, 0x0000000100000000)
  region size 1024K, 4 young (4096K), 4 survivors (4096K)
 Metaspace       used 76059K, capacity 78451K, committed 78544K, reserved 1118208K
  class space    used 10019K, capacity 10767K, committed 10828K, reserved 1048576K
}
Event: 93.888 GC heap before
{Heap before GC invocations=48 (full 0):
 garbage-first heap   total 150528K, used 117328K [0x0000000080000000, 0x0000000100000000)
  region size 1024K, 36 young (36864K), 4 survivors (4096K)
 Metaspace       used 76960K, capacity 79405K, committed 79696K, reserved 1118208K
  class space    used 10108K, capacity 10859K, committed 10956K, reserved 1048576K
}
Event: 93.900 GC heap after
{Heap after GC invocations=49 (full 0):
 garbage-first heap   total 150528K, used 88722K [0x0000000080000000, 0x0000000100000000)
  region size 1024K, 5 young (5120K), 5 survivors (5120K)
 Metaspace       used 76960K, capacity 79405K, committed 79696K, reserved 1118208K
  class space    used 10108K, capacity 10859K, committed 10956K, reserved 1048576K
}
Event: 94.892 GC heap before
{Heap before GC invocations=49 (full 0):
 garbage-first heap   total 150528K, used 119442K [0x0000000080000000, 0x0000000100000000)
  region size 1024K, 36 young (36864K), 5 survivors (5120K)
 Metaspace       used 77762K, capacity 80206K, committed 80336K, reserved 1118208K
  class space    used 10212K, capacity 10980K, committed 11084K, reserved 1048576K
}
Event: 94.906 GC heap after
{Heap after GC invocations=50 (full 0):
 garbage-first heap   total 150528K, used 91298K [0x0000000080000000, 0x0000000100000000)
  region size 1024K, 3 young (3072K), 3 survivors (3072K)
 Metaspace       used 77762K, capacity 80206K, committed 80336K, reserved 1118208K
  class space    used 10212K, capacity 10980K, committed 11084K, reserved 1048576K
}
Event: 97.309 GC heap before
{Heap before GC invocations=51 (full 0):
 garbage-first heap   total 162816K, used 119970K [0x0000000080000000, 0x0000000100000000)
  region size 1024K, 32 young (32768K), 3 survivors (3072K)
 Metaspace       used 78769K, capacity 81266K, committed 81488K, reserved 1120256K
  class space    used 10306K, capacity 11117K, committed 11212K, reserved 1048576K
}
Event: 97.326 GC heap after
{Heap after GC invocations=52 (full 0):
 garbage-first heap   total 162816K, used 95698K [0x0000000080000000, 0x0000000100000000)
  region size 1024K, 4 young (4096K), 4 survivors (4096K)
 Metaspace       used 78769K, capacity 81266K, committed 81488K, reserved 1120256K
  class space    used 10306K, capacity 11117K, committed 11212K, reserved 1048576K
}

Deoptimization events (10 events):
Event: 97.541 Thread 0x00000226feec5800 Uncommon trap: reason=profile_predicate action=maybe_recompile pc=0x0000022687bc547c method=com.android.utils.PositionXmlParser$DomBuilder.findOpeningTag(Lcom/android/utils/PositionXmlParser$Position;)Lcom/android/utils/PositionXmlParser$Position; @ 45 c2
Event: 97.550 Thread 0x00000226feec5800 Uncommon trap: reason=profile_predicate action=maybe_recompile pc=0x0000022687e3b8ac method=com.sun.org.apache.xerces.internal.util.XMLChar.isValidNCName(Ljava/lang/String;)Z @ 30 c2
Event: 97.550 Thread 0x00000226feec5800 Uncommon trap: reason=profile_predicate action=maybe_recompile pc=0x0000022687e3b8ac method=com.sun.org.apache.xerces.internal.util.XMLChar.isValidNCName(Ljava/lang/String;)Z @ 30 c2
Event: 97.551 Thread 0x00000226feec5800 Uncommon trap: reason=profile_predicate action=maybe_recompile pc=0x0000022687e3b8ac method=com.sun.org.apache.xerces.internal.util.XMLChar.isValidNCName(Ljava/lang/String;)Z @ 30 c2
Event: 97.551 Thread 0x00000226feec5800 Uncommon trap: reason=profile_predicate action=maybe_recompile pc=0x0000022687e3b8ac method=com.sun.org.apache.xerces.internal.util.XMLChar.isValidNCName(Ljava/lang/String;)Z @ 30 c2
Event: 98.515 Thread 0x00000226feec5800 Uncommon trap: reason=unstable_if action=reinterpret pc=0x0000022687e413cc method=java.lang.StringCoding.decodeUTF8_0([BIIZ)Ljava/lang/StringCoding$Result; @ 33 c2
Event: 99.032 Thread 0x00000226feec5800 Uncommon trap: reason=unstable_if action=reinterpret pc=0x0000022687e4fa40 method=com.sun.org.apache.xerces.internal.impl.XMLNSDocumentScannerImpl.scanAttribute(Lcom/sun/org/apache/xerces/internal/util/XMLAttributesImpl;)V @ 155 c2
Event: 99.032 Thread 0x00000226feec5800 Uncommon trap: reason=unstable_if action=reinterpret pc=0x0000022687e38f98 method=com.sun.org.apache.xerces.internal.util.XMLAttributesImpl.addAttributeNS(Lcom/sun/org/apache/xerces/internal/xni/QName;Ljava/lang/String;Ljava/lang/String;)V @ 22 c2
Event: 99.092 Thread 0x00000226feec5800 Uncommon trap: reason=unstable_if action=reinterpret pc=0x0000022687e3f414 method=com.android.utils.PositionXmlParser$DomBuilder.getCurrentPosition()Lcom/android/utils/PositionXmlParser$Position; @ 65 c2
Event: 99.097 Thread 0x00000226feec5800 Uncommon trap: reason=unstable_if action=reinterpret pc=0x0000022687e3a8f8 method=com.android.utils.PositionXmlParser$DomBuilder.findOpeningTag(Lcom/android/utils/PositionXmlParser$Position;)Lcom/android/utils/PositionXmlParser$Position; @ 81 c2

Classes redefined (0 events):
No events

Internal exceptions (10 events):
Event: 93.433 Thread 0x00000226feec5800 Implicit null exception at 0x0000022687fccde2 to 0x0000022687fcd6b6
Event: 94.158 Thread 0x0000022690b6a000 Exception <a 'java/lang/NoSuchMethodError'{0x0000000088bd7008}: java.lang.invoke.DirectMethodHandle$Holder.invokeSpecial(Ljava/lang/Object;Ljava/lang/Object;Ljava/lang/Object;Ljava/lang/Object;Ljava/lang/Object;Ljava/lang/Object;Ljava/lang/Object;Ljava/la
Event: 94.158 Thread 0x0000022690b6a000 Exception <a 'java/lang/NoSuchMethodError'{0x0000000088bdab10}: java.lang.invoke.Invokers$Holder.linkToTargetMethod(Ljava/lang/Object;Ljava/lang/Object;Ljava/lang/Object;Ljava/lang/Object;Ljava/lang/Object;Ljava/lang/Object;Ljava/lang/Object;Ljava/lang/Ob
Event: 94.250 Thread 0x0000022690c7b000 Exception <a 'java/lang/NoSuchMethodError'{0x00000000889b5ed0}: <clinit>> (0x00000000889b5ed0) thrown at [t:/workspace/open/src/hotspot/share/prims/jni.cpp, line 1362]
Event: 94.299 Thread 0x00000226feec5800 Exception <a 'sun/nio/fs/WindowsException'{0x0000000088b63920}> (0x0000000088b63920) thrown at [t:/workspace/open/src/hotspot/share/prims/jni.cpp, line 615]
Event: 94.299 Thread 0x00000226feec5800 Exception <a 'sun/nio/fs/WindowsException'{0x0000000088b64d88}> (0x0000000088b64d88) thrown at [t:/workspace/open/src/hotspot/share/prims/jni.cpp, line 615]
Event: 94.354 Thread 0x00000226feec5800 Exception <a 'java/lang/NoSuchMethodError'{0x00000000887b4410}: <clinit>> (0x00000000887b4410) thrown at [t:/workspace/open/src/hotspot/share/prims/jni.cpp, line 1362]
Event: 94.355 Thread 0x00000226feec5800 Exception <a 'java/lang/NoSuchMethodError'{0x00000000887c9078}: <clinit>> (0x00000000887c9078) thrown at [t:/workspace/open/src/hotspot/share/prims/jni.cpp, line 1362]
Event: 94.383 Thread 0x0000022690b69800 Exception <a 'sun/nio/fs/WindowsException'{0x000000008852d090}> (0x000000008852d090) thrown at [t:/workspace/open/src/hotspot/share/prims/jni.cpp, line 615]
Event: 94.874 Thread 0x00000226feec5800 Implicit null exception at 0x0000022687cb64d0 to 0x0000022687cb65aa

Events (10 events):
Event: 99.130 loading class com/google/common/collect/LinkedListMultimap$1ValuesImpl$1
Event: 99.130 loading class com/google/common/collect/LinkedListMultimap$1ValuesImpl$1 done
Event: 99.131 loading class com/google/common/collect/TransformedListIterator
Event: 99.131 loading class com/google/common/collect/TransformedListIterator done
Event: 99.131 Executing VM operation: Deoptimize
Event: 99.133 Executing VM operation: Deoptimize done
Event: 99.142 loading class com/google/common/collect/StandardTable$RowMap
Event: 99.142 loading class com/google/common/collect/StandardTable$RowMap done
Event: 99.144 loading class com/google/common/collect/StandardTable$Row
Event: 99.144 loading class com/google/common/collect/StandardTable$Row done


Dynamic libraries:
0x00007ff6c8d00000 - 0x00007ff6c8d0f000 	C:\Program Files\Java\jdk-12.0.1\bin\java.exe
0x00007ffe4fb70000 - 0x00007ffe4fd66000 	C:\WINDOWS\SYSTEM32\ntdll.dll
0x00007ffe4e870000 - 0x00007ffe4e92d000 	C:\WINDOWS\System32\KERNEL32.DLL
0x00007ffe4d460000 - 0x00007ffe4d729000 	C:\WINDOWS\System32\KERNELBASE.dll
0x00007ffe4d2b0000 - 0x00007ffe4d3b0000 	C:\WINDOWS\System32\ucrtbase.dll
0x00007ffe45f00000 - 0x00007ffe45f18000 	C:\Program Files\Java\jdk-12.0.1\bin\jli.dll
0x00007ffe4e960000 - 0x00007ffe4ea0c000 	C:\WINDOWS\System32\ADVAPI32.dll
0x00007ffe4e7d0000 - 0x00007ffe4e86e000 	C:\WINDOWS\System32\msvcrt.dll
0x00007ffe4eec0000 - 0x00007ffe4ef5c000 	C:\WINDOWS\System32\sechost.dll
0x00007ffe4f740000 - 0x00007ffe4f86b000 	C:\WINDOWS\System32\RPCRT4.dll
0x00007ffe4ed20000 - 0x00007ffe4eec0000 	C:\WINDOWS\System32\USER32.dll
0x00007ffe4d430000 - 0x00007ffe4d452000 	C:\WINDOWS\System32\win32u.dll
0x00007ffe44cf0000 - 0x00007ffe44d06000 	C:\Program Files\Java\jdk-12.0.1\bin\VCRUNTIME140.dll
0x00007ffe4ecf0000 - 0x00007ffe4ed1a000 	C:\WINDOWS\System32\GDI32.dll
0x00007ffe4d890000 - 0x00007ffe4d99b000 	C:\WINDOWS\System32\gdi32full.dll
0x00007ffe4da50000 - 0x00007ffe4daed000 	C:\WINDOWS\System32\msvcp_win.dll
0x00007ffe37b40000 - 0x00007ffe37ddb000 	C:\WINDOWS\WinSxS\amd64_microsoft.windows.common-controls_6595b64144ccf1df_6.0.19041.746_none_ca02b4b61b8320a4\COMCTL32.dll
0x00007ffe3e490000 - 0x00007ffe3e49a000 	C:\WINDOWS\SYSTEM32\VERSION.dll
0x00007ffe4e930000 - 0x00007ffe4e960000 	C:\WINDOWS\System32\IMM32.DLL
0x00007ffe449d0000 - 0x00007ffe44a7a000 	C:\Program Files\Java\jdk-12.0.1\bin\msvcp140.dll
0x00007ffe05560000 - 0x00007ffe060d4000 	C:\Program Files\Java\jdk-12.0.1\bin\server\jvm.dll
0x00007ffe4dce0000 - 0x00007ffe4dce8000 	C:\WINDOWS\System32\PSAPI.DLL
0x00007ffe2e0d0000 - 0x00007ffe2e0d9000 	C:\WINDOWS\SYSTEM32\WSOCK32.dll
0x00007ffe4e750000 - 0x00007ffe4e7bb000 	C:\WINDOWS\System32\WS2_32.dll
0x00007ffe38d40000 - 0x00007ffe38d67000 	C:\WINDOWS\SYSTEM32\WINMM.dll
0x00007ffe4bb80000 - 0x00007ffe4bb92000 	C:\WINDOWS\SYSTEM32\kernel.appcore.dll
0x00007ffe44b40000 - 0x00007ffe44b51000 	C:\Program Files\Java\jdk-12.0.1\bin\verify.dll
0x00007ffe4b850000 - 0x00007ffe4ba34000 	C:\WINDOWS\SYSTEM32\DBGHELP.DLL
0x00007ffe3e4e0000 - 0x00007ffe3e50c000 	C:\WINDOWS\SYSTEM32\dbgcore.DLL
0x00007ffe4daf0000 - 0x00007ffe4db70000 	C:\WINDOWS\System32\bcryptPrimitives.dll
0x00007ffe449a0000 - 0x00007ffe449c6000 	C:\Program Files\Java\jdk-12.0.1\bin\java.dll
0x00007ffe44730000 - 0x00007ffe44747000 	C:\Program Files\Java\jdk-12.0.1\bin\zip.dll
0x00007ffe46260000 - 0x00007ffe4626a000 	C:\Program Files\Java\jdk-12.0.1\bin\jimage.dll
0x00007ffe4de30000 - 0x00007ffe4e572000 	C:\WINDOWS\System32\SHELL32.dll
0x00007ffe4aff0000 - 0x00007ffe4b780000 	C:\WINDOWS\SYSTEM32\windows.storage.dll
0x00007ffe4ef70000 - 0x00007ffe4f2c6000 	C:\WINDOWS\System32\combase.dll
0x00007ffe4cca0000 - 0x00007ffe4cccc000 	C:\WINDOWS\SYSTEM32\Wldp.dll
0x00007ffe4dd80000 - 0x00007ffe4de2e000 	C:\WINDOWS\System32\SHCORE.dll
0x00007ffe4dbd0000 - 0x00007ffe4dc25000 	C:\WINDOWS\System32\shlwapi.dll
0x00007ffe4d1e0000 - 0x00007ffe4d206000 	C:\WINDOWS\SYSTEM32\profapi.dll
0x00007ffe446e0000 - 0x00007ffe446f9000 	C:\Program Files\Java\jdk-12.0.1\bin\net.dll
0x00007ffe3f570000 - 0x00007ffe3f670000 	C:\WINDOWS\SYSTEM32\WINHTTP.dll
0x00007ffe3f130000 - 0x00007ffe3f31e000 	C:\WINDOWS\SYSTEM32\urlmon.dll
0x00007ffe3ee80000 - 0x00007ffe3f130000 	C:\WINDOWS\SYSTEM32\iertutil.dll
0x00007ffe4c9c0000 - 0x00007ffe4ca2a000 	C:\WINDOWS\system32\mswsock.dll
0x00007ffe44600000 - 0x00007ffe44613000 	C:\Program Files\Java\jdk-12.0.1\bin\nio.dll
0x00007ffe45f20000 - 0x00007ffe45f46000 	C:\Users\ariel\.gradle\native\31\windows-amd64\native-platform.dll
0x00007ffe44d50000 - 0x00007ffe44d59000 	C:\Program Files\Java\jdk-12.0.1\bin\management.dll
0x00007ffe44ce0000 - 0x00007ffe44cec000 	C:\Program Files\Java\jdk-12.0.1\bin\management_ext.dll
0x00007ffe4cb90000 - 0x00007ffe4cba8000 	C:\WINDOWS\SYSTEM32\CRYPTSP.dll
0x00007ffe4c360000 - 0x00007ffe4c394000 	C:\WINDOWS\system32\rsaenh.dll
0x00007ffe4d3b0000 - 0x00007ffe4d3d7000 	C:\WINDOWS\System32\bcrypt.dll
0x00007ffe4d160000 - 0x00007ffe4d18e000 	C:\WINDOWS\SYSTEM32\USERENV.dll
0x00007ffe4cbb0000 - 0x00007ffe4cbbc000 	C:\WINDOWS\SYSTEM32\CRYPTBASE.dll
0x00007ffe4c6b0000 - 0x00007ffe4c6eb000 	C:\WINDOWS\SYSTEM32\IPHLPAPI.DLL
0x00007ffe4ef60000 - 0x00007ffe4ef68000 	C:\WINDOWS\System32\NSI.dll
0x00007ffe3fad0000 - 0x00007ffe3fae7000 	C:\WINDOWS\SYSTEM32\dhcpcsvc6.DLL
0x00007ffe3fc40000 - 0x00007ffe3fc5d000 	C:\WINDOWS\SYSTEM32\dhcpcsvc.DLL
0x00007ffe4c6f0000 - 0x00007ffe4c7bb000 	C:\WINDOWS\SYSTEM32\DNSAPI.dll

dbghelp: loaded successfully - version: 4.0.5 - missing functions: none
symbol engine: initialized successfully - sym options: 0x614 - pdb path: .;C:\Program Files\Java\jdk-12.0.1\bin;C:\WINDOWS\SYSTEM32;C:\WINDOWS\WinSxS\amd64_microsoft.windows.common-controls_6595b64144ccf1df_6.0.19041.746_none_ca02b4b61b8320a4;C:\Program Files\Java\jdk-12.0.1\bin\server;C:\Users\ariel\.gradle\native\31\windows-amd64

VM Arguments:
jvm_args: --add-opens=java.base/java.util=ALL-UNNAMED --add-opens=java.base/java.lang=ALL-UNNAMED --add-opens=java.base/java.lang.invoke=ALL-UNNAMED --add-opens=java.prefs/java.util.prefs=ALL-UNNAMED -Xmx2048m -Dfile.encoding=windows-1252 -Duser.country=GB -Duser.language=en -Duser.variant 
java_command: org.gradle.launcher.daemon.bootstrap.GradleDaemon 6.1.1
java_class_path (initial): C:\Users\ariel\.gradle\wrapper\dists\gradle-6.1.1-all\cfmwm155h49vnt3hynmlrsdst\gradle-6.1.1\lib\gradle-launcher-6.1.1.jar
Launcher Type: SUN_STANDARD

[Global flags]
     intx CICompilerCount                          = 3                                         {product} {ergonomic}
     uint ConcGCThreads                            = 1                                         {product} {ergonomic}
     uint G1ConcRefinementThreads                  = 4                                         {product} {ergonomic}
   size_t G1HeapRegionSize                         = 1048576                                   {product} {ergonomic}
    uintx GCDrainStackTargetSize                   = 64                                        {product} {ergonomic}
   size_t InitialHeapSize                          = 132120576                                 {product} {ergonomic}
   size_t MarkStackSize                            = 4194304                                   {product} {ergonomic}
   size_t MaxHeapSize                              = 2147483648                                {product} {command line}
   size_t MaxNewSize                               = 1287651328                                {product} {ergonomic}
   size_t MinHeapDeltaBytes                        = 1048576                                   {product} {ergonomic}
    uintx NonNMethodCodeHeapSize                   = 5830732                                {pd product} {ergonomic}
    uintx NonProfiledCodeHeapSize                  = 122913754                              {pd product} {ergonomic}
    uintx ProfiledCodeHeapSize                     = 122913754                              {pd product} {ergonomic}
    uintx ReservedCodeCacheSize                    = 251658240                              {pd product} {ergonomic}
     bool SegmentedCodeCache                       = true                                      {product} {ergonomic}
     bool UseCompressedClassPointers               = true                                 {lp64_product} {ergonomic}
     bool UseCompressedOops                        = true                                 {lp64_product} {ergonomic}
     bool UseG1GC                                  = true                                      {product} {ergonomic}
     bool UseLargePagesIndividualAllocation        = false                                  {pd product} {ergonomic}

Logging:
Log output configuration:
 #0: stdout all=warning uptime,level,tags
 #1: stderr all=off uptime,level,tags

Environment Variables:
PATH=C:\Program Files\Java\jdk-12.0.1\bin;C:\Program Files (x86)\Common Files\Oracle\Java\javapath;C:\WINDOWS\system32;C:\WINDOWS;C:\WINDOWS\System32\Wbem;C:\WINDOWS\System32\WindowsPowerShell\v1.0\;C:\WINDOWS\System32\OpenSSH\;C:\Program Files\PuTTY\;C:\Program Files\Git\cmd;C:\Program Files\MATLAB\runtime\win64;C:\Program Files\MATLAB\bin;C:\Program Files\TortoiseHg\;C:\ProgramData\chocolatey\bin;C:\Program Files\Java\jdk-12.0.1\bin;C:\Program Files\Haskell\bin;C:\Program Files\Haskell Platform\8.6.5\lib\extralibs\bin;C:\Program Files\Haskell Platform\8.6.5\bin;C:\WINDOWS\system32;C:\WINDOWS;C:\WINDOWS\System32\Wbem;C:\WINDOWS\System32\WindowsPowerShell\v1.0\;C:\WINDOWS\System32\OpenSSH\;C:\Program Files\Haskell Platform\8.6.5\mingw\bin;C:\Program Files\PuTTY\;C:\Program Files\Git\cmd;C:\Program Files\MATLAB\R2019b\runtime\win64;C:\Program Files\MATLAB\R2019b\bin;C:\Users\ariel\AppData\Local\Microsoft\WindowsApps;C:\Users\ariel\AppData\Local\Programs\Microsoft VS Code\bin;C:\Users\ariel\AppData\Local\Programs\Python\Python37\Scripts;C:\Users\ariel\AppData\Local\Microsoft\WindowsApps;C:\Users\ariel\AppData\Roaming\cabal\bin;C:\ProgramData\chocolatey\lib\ghc\tools\ghc-8.10.3\bin;C:\tools\msys64;
USERNAME=ariel
OS=Windows_NT
PROCESSOR_IDENTIFIER=Intel64 Family 6 Model 142 Stepping 9, GenuineIntel



---------------  S Y S T E M  ---------------

OS: Windows 10 , 64 bit Build 19041 (10.0.19041.804)

CPU:total 4 (initial active 4) (2 cores per cpu, 2 threads per core) family 6 model 142 stepping 9, cmov, cx8, fxsr, mmx, sse, sse2, sse3, ssse3, sse4.1, sse4.2, popcnt, avx, avx2, aes, clmul, erms, 3dnowpref, lzcnt, ht, tsc, tscinvbit, bmi1, bmi2, adx, fma

Memory: 4k page, system-wide physical 8034M (357M free)
TotalPageFile size 8034M (AvailPageFile size 0M)
current process WorkingSet (physical memory assigned to process): 394M, peak: 397M
current process commit charge ("private bytes"): 425M, peak: 429M

vm_info: Java HotSpot(TM) 64-Bit Server VM (12.0.1+12) for windows-amd64 JRE (12.0.1+12), built on Apr  2 2019 14:02:19 by "mach5one" with MS VC++ 15.5 (VS2017)

END.
