#
# There is insufficient memory for the Java Runtime Environment to continue.
# Native memory allocation (malloc) failed to allocate 795296 bytes for Chunk::new
# Possible reasons:
#   The system is out of physical RAM or swap space
#   The process is running with CompressedOops enabled, and the Java Heap may be blocking the growth of the native heap
# Possible solutions:
#   Reduce memory load on the system
#   Increase physical memory or swap space
#   Check if swap backing store is full
#   Decrease Java heap size (-Xmx/-Xms)
#   Decrease number of Java threads
#   Decrease Java thread stack sizes (-Xss)
#   Set larger code cache with -XX:ReservedCodeCacheSize=
#   JVM is running with Unscaled Compressed Oops mode in which the Java heap is
#     placed in the first 4GB address space. The Java Heap base address is the
#     maximum limit for the native heap growth. Please use -XX:HeapBaseMinAddress
#     to set the Java Heap base and to place the Java Heap above 4GB virtual address.
# This output file may be truncated or incomplete.
#
#  Out of Memory Error (t:/workspace/open/src/hotspot/share/memory/arena.cpp:197), pid=10204, tid=9672
#
# JRE version: Java(TM) SE Runtime Environment (12.0.1+12) (build 12.0.1+12)
# Java VM: Java HotSpot(TM) 64-Bit Server VM (12.0.1+12, mixed mode, sharing, tiered, compressed oops, g1 gc, windows-amd64)
# No core dump will be written. Minidumps are not enabled by default on client versions of Windows
#

---------------  S U M M A R Y ------------

Command Line: --add-opens=java.base/java.util=ALL-UNNAMED --add-opens=java.base/java.lang=ALL-UNNAMED --add-opens=java.base/java.lang.invoke=ALL-UNNAMED --add-opens=java.prefs/java.util.prefs=ALL-UNNAMED -Xmx2048m -Dfile.encoding=windows-1252 -Duser.country=GB -Duser.language=en -Duser.variant org.gradle.launcher.daemon.bootstrap.GradleDaemon 6.1.1

Host: Intel(R) Core(TM) i5-7200U CPU @ 2.50GHz, 4 cores, 7G,  Windows 10 , 64 bit Build 19041 (10.0.19041.804)
Time: Wed Mar  3 15:00:13 2021 GMT Standard Time elapsed time: 486 seconds (0d 0h 8m 6s)

---------------  T H R E A D  ---------------

Current thread (0x00000185fdf20800):  JavaThread "C2 CompilerThread0" daemon [_thread_in_native, id=9672, stack(0x00000027df400000,0x00000027df500000)]


Current CompileTask:
C2: 486277 12865   !   4       org.gradle.internal.classloader.CachingClassLoader::loadClass (85 bytes)

Stack: [0x00000027df400000,0x00000027df500000]
Native frames: (J=compiled Java code, j=interpreted, Vv=VM code, C=native code)
V  [jvm.dll+0x63948a]
V  [jvm.dll+0x78b31f]
V  [jvm.dll+0x78c9c1]
V  [jvm.dll+0x78d013]
V  [jvm.dll+0x262138]
V  [jvm.dll+0xc582c]
V  [jvm.dll+0xc5dac]
V  [jvm.dll+0x2d3854]
V  [jvm.dll+0x55596d]
V  [jvm.dll+0x2244f7]
V  [jvm.dll+0x21e143]
V  [jvm.dll+0x21b0e6]
V  [jvm.dll+0x199890]
V  [jvm.dll+0x22a534]
V  [jvm.dll+0x228b88]
V  [jvm.dll+0x74f660]
V  [jvm.dll+0x748648]
V  [jvm.dll+0x638566]
C  [ucrtbase.dll+0x21bb2]
C  [KERNEL32.DLL+0x17034]
C  [ntdll.dll+0x4d241]


---------------  P R O C E S S  ---------------

Threads class SMR info:
_java_thread_list=0x0000018591bb8210, length=55, elements={
0x00000185eea37800, 0x00000185fdf01000, 0x00000185fdf02800, 0x00000185fdf1e000,
0x00000185fdf1f800, 0x00000185fdf20800, 0x00000185fdf2a000, 0x00000185fdf2f800,
0x00000185fe98f000, 0x00000185fe995800, 0x000001858f913800, 0x00000185fea07000,
0x000001858f6a7800, 0x00000185900e7000, 0x00000185900ea800, 0x00000185900e8000,
0x00000185900e6800, 0x0000018592b35800, 0x0000018592b39000, 0x0000018592b33000,
0x0000018592b37800, 0x0000018592b39800, 0x0000018592b36800, 0x0000018592b34000,
0x0000018592b3a800, 0x0000018592b35000, 0x0000018592b41000, 0x0000018592b3e000,
0x0000018592b3e800, 0x0000018592b3b800, 0x0000018592b40800, 0x0000018592b3c000,
0x0000018592b3d000, 0x0000018592b3f800, 0x00000185900eb800, 0x00000185900e5800,
0x00000185900ec000, 0x00000185900e9000, 0x00000185950c6800, 0x00000185950c9800,
0x00000185950c9000, 0x00000185950ca800, 0x00000185950c5800, 0x00000185950c8000,
0x00000185950c4800, 0x00000185950cb000, 0x00000185950ce800, 0x00000185950d1000,
0x00000185950d0000, 0x00000185950cf800, 0x00000185950cd000, 0x00000185950cd800,
0x00000185950cc000, 0x00000185950d3800, 0x00000185fe8af800
}

Java Threads: ( => current thread )
  0x00000185eea37800 JavaThread "main" [_thread_blocked, id=11428, stack(0x00000027de900000,0x00000027dea00000)]
  0x00000185fdf01000 JavaThread "Reference Handler" daemon [_thread_blocked, id=212, stack(0x00000027df000000,0x00000027df100000)]
  0x00000185fdf02800 JavaThread "Finalizer" daemon [_thread_blocked, id=19332, stack(0x00000027df100000,0x00000027df200000)]
  0x00000185fdf1e000 JavaThread "Signal Dispatcher" daemon [_thread_blocked, id=13892, stack(0x00000027df200000,0x00000027df300000)]
  0x00000185fdf1f800 JavaThread "Attach Listener" daemon [_thread_blocked, id=9736, stack(0x00000027df300000,0x00000027df400000)]
=>0x00000185fdf20800 JavaThread "C2 CompilerThread0" daemon [_thread_in_native, id=9672, stack(0x00000027df400000,0x00000027df500000)]
  0x00000185fdf2a000 JavaThread "C1 CompilerThread0" daemon [_thread_blocked, id=14996, stack(0x00000027df500000,0x00000027df600000)]
  0x00000185fdf2f800 JavaThread "Sweeper thread" daemon [_thread_blocked, id=17376, stack(0x00000027df600000,0x00000027df700000)]
  0x00000185fe98f000 JavaThread "Common-Cleaner" daemon [_thread_blocked, id=15584, stack(0x00000027df700000,0x00000027df800000)]
  0x00000185fe995800 JavaThread "Service Thread" daemon [_thread_blocked, id=8832, stack(0x00000027df800000,0x00000027df900000)]
  0x000001858f913800 JavaThread "Daemon health stats" [_thread_blocked, id=18916, stack(0x00000027dfd00000,0x00000027dfe00000)]
  0x00000185fea07000 JavaThread "Incoming local TCP Connector on port 54635" [_thread_in_native, id=7892, stack(0x00000027dfa00000,0x00000027dfb00000)]
  0x000001858f6a7800 JavaThread "Daemon periodic checks" [_thread_blocked, id=14468, stack(0x00000027dfe00000,0x00000027dff00000)]
  0x00000185900e7000 JavaThread "Cache worker for journal cache (C:\Users\ariel\.gradle\caches\journal-1)" [_thread_blocked, id=14076, stack(0x00000027e0700000,0x00000027e0800000)]
  0x00000185900ea800 JavaThread "File lock request listener" [_thread_in_native, id=18752, stack(0x00000027e0800000,0x00000027e0900000)]
  0x00000185900e8000 JavaThread "Cache worker for file hash cache (C:\Users\ariel\.gradle\caches\6.1.1\fileHashes)" [_thread_blocked, id=17804, stack(0x00000027e0900000,0x00000027e0a00000)]
  0x00000185900e6800 JavaThread "Cache worker for execution history cache (C:\Users\ariel\.gradle\caches\6.1.1\executionHistory)" [_thread_blocked, id=840, stack(0x00000027e0f00000,0x00000027e1000000)]
  0x0000018592b35800 JavaThread "Daemon Thread 2" [_thread_blocked, id=16860, stack(0x00000027de600000,0x00000027de700000)]
  0x0000018592b39000 JavaThread "Handler for socket connection from /127.0.0.1:54635 to /127.0.0.1:54712" [_thread_in_native, id=16652, stack(0x00000027de700000,0x00000027de800000)]
  0x0000018592b33000 JavaThread "Cancel handler" [_thread_blocked, id=16316, stack(0x00000027de800000,0x00000027de900000)]
  0x0000018592b37800 JavaThread "Daemon worker Thread 2" [_thread_blocked, id=2684, stack(0x00000027dff00000,0x00000027e0000000)]
  0x0000018592b39800 JavaThread "Asynchronous log dispatcher for DefaultDaemonConnection: socket connection from /127.0.0.1:54635 to /127.0.0.1:54712" [_thread_blocked, id=8588, stack(0x00000027e0200000,0x00000027e0300000)]
  0x0000018592b36800 JavaThread "Stdin handler" [_thread_blocked, id=18580, stack(0x00000027e0300000,0x00000027e0400000)]
  0x0000018592b34000 JavaThread "Thread-28" [_thread_blocked, id=18724, stack(0x00000027e0400000,0x00000027e0500000)]
  0x0000018592b3a800 JavaThread "Cache worker for checksums cache (C:\Users\ariel\OneDrive\Desktop\programming\Year-2\Project\Keep_It_Together\.gradle\checksums)" [_thread_blocked, id=18196, stack(0x00000027e0500000,0x00000027e0600000)]
  0x0000018592b35000 JavaThread "Cache worker for file hash cache (C:\Users\ariel\OneDrive\Desktop\programming\Year-2\Project\Keep_It_Together\.gradle\6.1.1\fileHashes)" [_thread_blocked, id=14524, stack(0x00000027e0a00000,0x00000027e0b00000)]
  0x0000018592b41000 JavaThread "Cache worker for cache directory md-supplier (C:\Users\ariel\.gradle\caches\6.1.1\md-supplier)" [_thread_blocked, id=14752, stack(0x00000027e0b00000,0x00000027e0c00000)]
  0x0000018592b3e000 JavaThread "Cache worker for cache directory md-rule (C:\Users\ariel\.gradle\caches\6.1.1\md-rule)" [_thread_blocked, id=13916, stack(0x00000027e0c00000,0x00000027e0d00000)]
  0x0000018592b3e800 JavaThread "Build operations" [_thread_blocked, id=4456, stack(0x00000027e0e00000,0x00000027e0f00000)]
  0x0000018592b3b800 JavaThread "Build operations Thread 2" [_thread_blocked, id=7548, stack(0x00000027e1000000,0x00000027e1100000)]
  0x0000018592b40800 JavaThread "Build operations Thread 3" [_thread_blocked, id=8064, stack(0x00000027e1100000,0x00000027e1200000)]
  0x0000018592b3c000 JavaThread "Build operations Thread 4" [_thread_blocked, id=8516, stack(0x00000027e1200000,0x00000027e1300000)]
  0x0000018592b3d000 JavaThread "pool-3-thread-1" [_thread_blocked, id=13128, stack(0x00000027e1300000,0x00000027e1400000)]
  0x0000018592b3f800 JavaThread "Cache worker for Build Output Cleanup Cache (C:\Users\ariel\OneDrive\Desktop\programming\Year-2\Project\Keep_It_Together\.gradle\buildOutputCleanup)" [_thread_blocked, id=7072, stack(0x00000027e1400000,0x00000027e1500000)]
  0x00000185900eb800 JavaThread "Memory manager" [_thread_blocked, id=14200, stack(0x00000027e1500000,0x00000027e1600000)]
  0x00000185900e5800 JavaThread "Cache worker for file content cache (C:\Users\ariel\.gradle\caches\6.1.1\fileContent)" [_thread_blocked, id=16816, stack(0x00000027e1600000,0x00000027e1700000)]
  0x00000185900ec000 JavaThread "Cache worker for file content cache (C:\Users\ariel\OneDrive\Desktop\programming\Year-2\Project\Keep_It_Together\.gradle\6.1.1\fileContent)" [_thread_blocked, id=14892, stack(0x00000027e1700000,0x00000027e1800000)]
  0x00000185900e9000 JavaThread "Execution worker for ':'" [_thread_blocked, id=16528, stack(0x00000027e1800000,0x00000027e1900000)]
  0x00000185950c6800 JavaThread "Execution worker for ':' Thread 2" [_thread_blocked, id=8876, stack(0x00000027e1900000,0x00000027e1a00000)]
  0x00000185950c9800 JavaThread "Execution worker for ':' Thread 3" [_thread_in_Java, id=18960, stack(0x00000027e1a00000,0x00000027e1b00000)]
  0x00000185950c9000 JavaThread "Cache worker for execution history cache (C:\Users\ariel\OneDrive\Desktop\programming\Year-2\Project\Keep_It_Together\.gradle\6.1.1\executionHistory)" [_thread_blocked, id=18596, stack(0x00000027e1b00000,0x00000027e1c00000)]
  0x00000185950ca800 JavaThread "WorkerExecutor Queue" [_thread_blocked, id=5872, stack(0x00000027e1c00000,0x00000027e1d00000)]
  0x00000185950c5800 JavaThread "pool-4-thread-1" [_thread_blocked, id=15068, stack(0x00000027e1d00000,0x00000027e1e00000)]
  0x00000185950c8000 JavaThread "stderr" [_thread_in_native, id=11052, stack(0x00000027e1e00000,0x00000027e1f00000)]
  0x00000185950c4800 JavaThread "stdout" [_thread_in_native, id=3232, stack(0x00000027e1f00000,0x00000027e2000000)]
  0x00000185950cb000 JavaThread "WorkerExecutor Queue Thread 2" [_thread_blocked, id=15520, stack(0x00000027e0d00000,0x00000027e0e00000)]
  0x00000185950ce800 JavaThread "WorkerExecutor Queue Thread 3" [_thread_blocked, id=15244, stack(0x00000027e2000000,0x00000027e2100000)]
  0x00000185950d1000 JavaThread "WorkerExecutor Queue Thread 4" [_thread_in_Java, id=11524, stack(0x00000027e2100000,0x00000027e2200000)]
  0x00000185950d0000 JavaThread "stderr" [_thread_in_native, id=9404, stack(0x00000027e2300000,0x00000027e2400000)]
  0x00000185950cf800 JavaThread "stdout" [_thread_in_native, id=17644, stack(0x00000027e2400000,0x00000027e2500000)]
  0x00000185950cd000 JavaThread "stderr" [_thread_in_native, id=5560, stack(0x00000027e2200000,0x00000027e2300000)]
  0x00000185950cd800 JavaThread "stdout" [_thread_in_native, id=12624, stack(0x00000027e2500000,0x00000027e2600000)]
  0x00000185950cc000 JavaThread "stderr" [_thread_in_native, id=13848, stack(0x00000027e2700000,0x00000027e2800000)]
  0x00000185950d3800 JavaThread "stdout" [_thread_in_native, id=17540, stack(0x00000027e2800000,0x00000027e2900000)]
  0x00000185fe8af800 JavaThread "C2 CompilerThread1" daemon [_thread_in_vm, id=10676, stack(0x00000027e2600000,0x00000027e2700000)]

Other Threads:
  0x00000185fdefd800 VMThread "VM Thread" [stack: 0x00000027def00000,0x00000027df000000] [id=15632]
  0x00000185fe996800 WatcherThread [stack: 0x00000027df900000,0x00000027dfa00000] [id=16392]
  0x00000185eea78800 GCTaskThread "GC Thread#0" [stack: 0x00000027dea00000,0x00000027deb00000] [id=32]
  0x00000185febf1800 GCTaskThread "GC Thread#1" [stack: 0x00000027dfb00000,0x00000027dfc00000] [id=3764]
  0x00000185fedea000 GCTaskThread "GC Thread#2" [stack: 0x00000027dfc00000,0x00000027dfd00000] [id=11740]
  0x000001858fd96000 GCTaskThread "GC Thread#3" [stack: 0x00000027e0600000,0x00000027e0700000] [id=18212]
  0x00000185eea86800 ConcurrentGCThread "G1 Main Marker" [stack: 0x00000027deb00000,0x00000027dec00000] [id=17116]
  0x00000185eea89000 ConcurrentGCThread "G1 Conc#0" [stack: 0x00000027dec00000,0x00000027ded00000] [id=19316]
  0x00000185eeb1b800 ConcurrentGCThread "G1 Refine#0" [stack: 0x00000027ded00000,0x00000027dee00000] [id=14332]
  0x00000185eeb1c800 ConcurrentGCThread "G1 Young RemSet Sampling" [stack: 0x00000027dee00000,0x00000027def00000] [id=2680]

Threads with active compile tasks:
C2 CompilerThread0  12865   !   4       org.gradle.internal.classloader.CachingClassLoader::loadClass (85 bytes)
C2 CompilerThread1  12894       4       com.android.tools.build.apkzlib.zip.ZipField::verify (77 bytes)

VM state:not at safepoint (normal execution)

VM Mutex/Monitor currently owned by a thread: None

Heap address: 0x0000000080000000, size: 2048 MB, Compressed Oops mode: 32-bit
Narrow klass base: 0x0000000800000000, Narrow klass shift: 3
Compressed class space size: 1073741824 Address: 0x00000008011a0000

Heap:
 garbage-first heap   total 181248K, used 121448K [0x0000000080000000, 0x0000000100000000)
  region size 1024K, 23 young (23552K), 1 survivors (1024K)
 Metaspace       used 86653K, capacity 89401K, committed 89636K, reserved 1128448K
  class space    used 11100K, capacity 11923K, committed 12032K, reserved 1048576K
Heap Regions: E=young(eden), S=young(survivor), O=old, HS=humongous(starts), HC=humongous(continues), CS=collection set, F=free, A=archive, TAMS=top-at-mark-start (previous, next)
|   0|0x0000000080000000, 0x0000000080100000, 0x0000000080100000|100%| O|  |TAMS 0x0000000080100000, 0x0000000080000000| Untracked 
|   1|0x0000000080100000, 0x0000000080200000, 0x0000000080200000|100%| O|  |TAMS 0x0000000080200000, 0x0000000080100000| Untracked 
|   2|0x0000000080200000, 0x0000000080300000, 0x0000000080300000|100%| O|  |TAMS 0x0000000080300000, 0x0000000080200000| Untracked 
|   3|0x0000000080300000, 0x0000000080400000, 0x0000000080400000|100%|HS|  |TAMS 0x0000000080400000, 0x0000000080300000| Complete 
|   4|0x0000000080400000, 0x0000000080500000, 0x0000000080500000|100%|HC|  |TAMS 0x0000000080500000, 0x0000000080400000| Complete 
|   5|0x0000000080500000, 0x0000000080600000, 0x0000000080600000|100%|HC|  |TAMS 0x0000000080600000, 0x0000000080500000| Complete 
|   6|0x0000000080600000, 0x0000000080700000, 0x0000000080700000|100%| O|  |TAMS 0x0000000080700000, 0x0000000080600000| Untracked 
|   7|0x0000000080700000, 0x0000000080800000, 0x0000000080800000|100%| O|  |TAMS 0x0000000080800000, 0x0000000080700000| Untracked 
|   8|0x0000000080800000, 0x0000000080900000, 0x0000000080900000|100%| O|  |TAMS 0x0000000080900000, 0x0000000080800000| Untracked 
|   9|0x0000000080900000, 0x0000000080a00000, 0x0000000080a00000|100%| O|  |TAMS 0x0000000080a00000, 0x0000000080900000| Untracked 
|  10|0x0000000080a00000, 0x0000000080b00000, 0x0000000080b00000|100%| O|  |TAMS 0x0000000080b00000, 0x0000000080a00000| Untracked 
|  11|0x0000000080b00000, 0x0000000080c00000, 0x0000000080c00000|100%| O|  |TAMS 0x0000000080c00000, 0x0000000080b00000| Untracked 
|  12|0x0000000080c00000, 0x0000000080d00000, 0x0000000080d00000|100%| O|  |TAMS 0x0000000080d00000, 0x0000000080c00000| Untracked 
|  13|0x0000000080d00000, 0x0000000080e00000, 0x0000000080e00000|100%|HS|  |TAMS 0x0000000080e00000, 0x0000000080d00000| Complete 
|  14|0x0000000080e00000, 0x0000000080f00000, 0x0000000080f00000|100%|HC|  |TAMS 0x0000000080f00000, 0x0000000080e00000| Complete 
|  15|0x0000000080f00000, 0x0000000081000000, 0x0000000081000000|100%|HS|  |TAMS 0x0000000081000000, 0x0000000080f00000| Complete 
|  16|0x0000000081000000, 0x0000000081100000, 0x0000000081100000|100%|HC|  |TAMS 0x0000000081100000, 0x0000000081000000| Complete 
|  17|0x0000000081100000, 0x0000000081200000, 0x0000000081200000|100%|HC|  |TAMS 0x0000000081200000, 0x0000000081100000| Complete 
|  18|0x0000000081200000, 0x0000000081300000, 0x0000000081300000|100%|HS|  |TAMS 0x0000000081300000, 0x0000000081200000| Complete 
|  19|0x0000000081300000, 0x0000000081400000, 0x0000000081400000|100%|HC|  |TAMS 0x0000000081400000, 0x0000000081300000| Complete 
|  20|0x0000000081400000, 0x0000000081500000, 0x0000000081500000|100%|HC|  |TAMS 0x0000000081500000, 0x0000000081400000| Complete 
|  21|0x0000000081500000, 0x0000000081600000, 0x0000000081600000|100%|HC|  |TAMS 0x0000000081600000, 0x0000000081500000| Complete 
|  22|0x0000000081600000, 0x0000000081700000, 0x0000000081700000|100%|HS|  |TAMS 0x0000000081700000, 0x0000000081600000| Complete 
|  23|0x0000000081700000, 0x0000000081800000, 0x0000000081800000|100%|HC|  |TAMS 0x0000000081800000, 0x0000000081700000| Complete 
|  24|0x0000000081800000, 0x0000000081900000, 0x0000000081900000|100%|HC|  |TAMS 0x0000000081900000, 0x0000000081800000| Complete 
|  25|0x0000000081900000, 0x0000000081a00000, 0x0000000081a00000|100%|HC|  |TAMS 0x0000000081a00000, 0x0000000081900000| Complete 
|  26|0x0000000081a00000, 0x0000000081b00000, 0x0000000081b00000|100%| O|  |TAMS 0x0000000081b00000, 0x0000000081a00000| Untracked 
|  27|0x0000000081b00000, 0x0000000081c00000, 0x0000000081c00000|100%| O|  |TAMS 0x0000000081c00000, 0x0000000081b00000| Untracked 
|  28|0x0000000081c00000, 0x0000000081d00000, 0x0000000081d00000|100%| O|  |TAMS 0x0000000081d00000, 0x0000000081c00000| Untracked 
|  29|0x0000000081d00000, 0x0000000081e00000, 0x0000000081e00000|100%| O|  |TAMS 0x0000000081e00000, 0x0000000081d00000| Untracked 
|  30|0x0000000081e00000, 0x0000000081f00000, 0x0000000081f00000|100%| O|  |TAMS 0x0000000081f00000, 0x0000000081e00000| Untracked 
|  31|0x0000000081f00000, 0x0000000082000000, 0x0000000082000000|100%| O|  |TAMS 0x0000000082000000, 0x0000000081f00000| Untracked 
|  32|0x0000000082000000, 0x0000000082100000, 0x0000000082100000|100%| O|  |TAMS 0x0000000082100000, 0x0000000082000000| Untracked 
|  33|0x0000000082100000, 0x000000008217ac00, 0x0000000082200000| 47%| O|  |TAMS 0x000000008217ac00, 0x0000000082100000| Untracked 
|  34|0x0000000082200000, 0x0000000082300000, 0x0000000082300000|100%| O|  |TAMS 0x0000000082300000, 0x0000000082200000| Untracked 
|  35|0x0000000082300000, 0x0000000082400000, 0x0000000082400000|100%| O|  |TAMS 0x0000000082400000, 0x0000000082300000| Untracked 
|  36|0x0000000082400000, 0x0000000082500000, 0x0000000082500000|100%| O|  |TAMS 0x0000000082500000, 0x0000000082400000| Untracked 
|  37|0x0000000082500000, 0x0000000082600000, 0x0000000082600000|100%| O|  |TAMS 0x0000000082600000, 0x0000000082500000| Untracked 
|  38|0x0000000082600000, 0x0000000082700000, 0x0000000082700000|100%|HS|  |TAMS 0x0000000082700000, 0x0000000082600000| Complete 
|  39|0x0000000082700000, 0x0000000082800000, 0x0000000082800000|100%|HC|  |TAMS 0x0000000082800000, 0x0000000082700000| Complete 
|  40|0x0000000082800000, 0x0000000082900000, 0x0000000082900000|100%|HC|  |TAMS 0x0000000082900000, 0x0000000082800000| Complete 
|  41|0x0000000082900000, 0x0000000082a00000, 0x0000000082a00000|100%|HS|  |TAMS 0x0000000082a00000, 0x0000000082900000| Complete 
|  42|0x0000000082a00000, 0x0000000082b00000, 0x0000000082b00000|100%|HC|  |TAMS 0x0000000082b00000, 0x0000000082a00000| Complete 
|  43|0x0000000082b00000, 0x0000000082c00000, 0x0000000082c00000|100%| O|  |TAMS 0x0000000082c00000, 0x0000000082b00000| Untracked 
|  44|0x0000000082c00000, 0x0000000082d00000, 0x0000000082d00000|100%| O|  |TAMS 0x0000000082d00000, 0x0000000082c00000| Untracked 
|  45|0x0000000082d00000, 0x0000000082e00000, 0x0000000082e00000|100%| O|  |TAMS 0x0000000082e00000, 0x0000000082d00000| Untracked 
|  46|0x0000000082e00000, 0x0000000082f00000, 0x0000000082f00000|100%| O|  |TAMS 0x0000000082f00000, 0x0000000082e00000| Untracked 
|  47|0x0000000082f00000, 0x0000000083000000, 0x0000000083000000|100%| O|  |TAMS 0x0000000083000000, 0x0000000082f00000| Untracked 
|  48|0x0000000083000000, 0x0000000083100000, 0x0000000083100000|100%| O|  |TAMS 0x0000000083100000, 0x0000000083000000| Untracked 
|  49|0x0000000083100000, 0x0000000083200000, 0x0000000083200000|100%| O|  |TAMS 0x0000000083200000, 0x0000000083100000| Untracked 
|  50|0x0000000083200000, 0x0000000083300000, 0x0000000083300000|100%| O|  |TAMS 0x0000000083300000, 0x0000000083200000| Untracked 
|  51|0x0000000083300000, 0x0000000083400000, 0x0000000083400000|100%| O|  |TAMS 0x0000000083400000, 0x0000000083300000| Untracked 
|  52|0x0000000083400000, 0x0000000083500000, 0x0000000083500000|100%| O|  |TAMS 0x0000000083500000, 0x0000000083400000| Untracked 
|  53|0x0000000083500000, 0x0000000083600000, 0x0000000083600000|100%| O|  |TAMS 0x0000000083600000, 0x0000000083500000| Untracked 
|  54|0x0000000083600000, 0x0000000083700000, 0x0000000083700000|100%| O|  |TAMS 0x0000000083700000, 0x0000000083600000| Untracked 
|  55|0x0000000083700000, 0x0000000083800000, 0x0000000083800000|100%| O|  |TAMS 0x0000000083800000, 0x0000000083700000| Untracked 
|  56|0x0000000083800000, 0x0000000083900000, 0x0000000083900000|100%| O|  |TAMS 0x0000000083900000, 0x0000000083800000| Untracked 
|  57|0x0000000083900000, 0x0000000083a00000, 0x0000000083a00000|100%| O|  |TAMS 0x0000000083a00000, 0x0000000083900000| Untracked 
|  58|0x0000000083a00000, 0x0000000083b00000, 0x0000000083b00000|100%| O|  |TAMS 0x0000000083b00000, 0x0000000083a00000| Untracked 
|  59|0x0000000083b00000, 0x0000000083c00000, 0x0000000083c00000|100%| O|  |TAMS 0x0000000083c00000, 0x0000000083b00000| Untracked 
|  60|0x0000000083c00000, 0x0000000083d00000, 0x0000000083d00000|100%| O|  |TAMS 0x0000000083d00000, 0x0000000083c00000| Untracked 
|  61|0x0000000083d00000, 0x0000000083e00000, 0x0000000083e00000|100%| O|  |TAMS 0x0000000083e00000, 0x0000000083d00000| Untracked 
|  62|0x0000000083e00000, 0x0000000083f00000, 0x0000000083f00000|100%| O|  |TAMS 0x0000000083f00000, 0x0000000083e00000| Untracked 
|  63|0x0000000083f00000, 0x0000000084000000, 0x0000000084000000|100%| O|  |TAMS 0x0000000084000000, 0x0000000083f00000| Untracked 
|  64|0x0000000084000000, 0x0000000084100000, 0x0000000084100000|100%| O|  |TAMS 0x0000000084100000, 0x0000000084000000| Untracked 
|  65|0x0000000084100000, 0x0000000084200000, 0x0000000084200000|100%| O|  |TAMS 0x0000000084200000, 0x0000000084100000| Untracked 
|  66|0x0000000084200000, 0x0000000084300000, 0x0000000084300000|100%| O|  |TAMS 0x0000000084300000, 0x0000000084200000| Untracked 
|  67|0x0000000084300000, 0x0000000084400000, 0x0000000084400000|100%| O|  |TAMS 0x0000000084400000, 0x0000000084300000| Untracked 
|  68|0x0000000084400000, 0x0000000084500000, 0x0000000084500000|100%| O|  |TAMS 0x0000000084500000, 0x0000000084400000| Untracked 
|  69|0x0000000084500000, 0x0000000084600000, 0x0000000084600000|100%| O|  |TAMS 0x0000000084600000, 0x0000000084500000| Untracked 
|  70|0x0000000084600000, 0x0000000084700000, 0x0000000084700000|100%| O|  |TAMS 0x0000000084700000, 0x0000000084600000| Untracked 
|  71|0x0000000084700000, 0x0000000084800000, 0x0000000084800000|100%| O|  |TAMS 0x0000000084800000, 0x0000000084700000| Untracked 
|  72|0x0000000084800000, 0x0000000084900000, 0x0000000084900000|100%| O|  |TAMS 0x0000000084900000, 0x0000000084800000| Untracked 
|  73|0x0000000084900000, 0x0000000084a00000, 0x0000000084a00000|100%| O|  |TAMS 0x0000000084a00000, 0x0000000084900000| Untracked 
|  74|0x0000000084a00000, 0x0000000084b00000, 0x0000000084b00000|100%| O|  |TAMS 0x0000000084b00000, 0x0000000084a00000| Untracked 
|  75|0x0000000084b00000, 0x0000000084c00000, 0x0000000084c00000|100%| O|  |TAMS 0x0000000084c00000, 0x0000000084b00000| Untracked 
|  76|0x0000000084c00000, 0x0000000084d00000, 0x0000000084d00000|100%| O|  |TAMS 0x0000000084d00000, 0x0000000084c00000| Untracked 
|  77|0x0000000084d00000, 0x0000000084d00000, 0x0000000084e00000|  0%| F|  |TAMS 0x0000000084d00000, 0x0000000084d00000| Untracked 
|  78|0x0000000084e00000, 0x0000000084f00000, 0x0000000084f00000|100%| O|  |TAMS 0x0000000084f00000, 0x0000000084e00000| Untracked 
|  79|0x0000000084f00000, 0x0000000085000000, 0x0000000085000000|100%| O|  |TAMS 0x0000000085000000, 0x0000000084f00000| Untracked 
|  80|0x0000000085000000, 0x0000000085100000, 0x0000000085100000|100%| O|  |TAMS 0x0000000085100000, 0x0000000085000000| Untracked 
|  81|0x0000000085100000, 0x0000000085200000, 0x0000000085200000|100%| O|  |TAMS 0x0000000085200000, 0x0000000085100000| Untracked 
|  82|0x0000000085200000, 0x0000000085300000, 0x0000000085300000|100%| O|  |TAMS 0x0000000085300000, 0x0000000085200000| Untracked 
|  83|0x0000000085300000, 0x0000000085400000, 0x0000000085400000|100%| O|  |TAMS 0x0000000085400000, 0x0000000085300000| Untracked 
|  84|0x0000000085400000, 0x0000000085500000, 0x0000000085500000|100%| O|  |TAMS 0x0000000085500000, 0x0000000085400000| Untracked 
|  85|0x0000000085500000, 0x0000000085600000, 0x0000000085600000|100%| O|  |TAMS 0x0000000085600000, 0x0000000085500000| Untracked 
|  86|0x0000000085600000, 0x0000000085700000, 0x0000000085700000|100%| O|  |TAMS 0x0000000085700000, 0x0000000085600000| Untracked 
|  87|0x0000000085700000, 0x0000000085800000, 0x0000000085800000|100%| O|  |TAMS 0x0000000085800000, 0x0000000085700000| Untracked 
|  88|0x0000000085800000, 0x0000000085900000, 0x0000000085900000|100%| O|  |TAMS 0x0000000085900000, 0x0000000085800000| Untracked 
|  89|0x0000000085900000, 0x0000000085a00000, 0x0000000085a00000|100%| O|  |TAMS 0x0000000085a00000, 0x0000000085900000| Untracked 
|  90|0x0000000085a00000, 0x0000000085b00000, 0x0000000085b00000|100%| O|  |TAMS 0x0000000085b00000, 0x0000000085a00000| Untracked 
|  91|0x0000000085b00000, 0x0000000085c00000, 0x0000000085c00000|100%| O|  |TAMS 0x0000000085b00000, 0x0000000085b00000| Untracked 
|  92|0x0000000085c00000, 0x0000000085d00000, 0x0000000085d00000|100%| O|  |TAMS 0x0000000085c00000, 0x0000000085c00000| Untracked 
|  93|0x0000000085d00000, 0x0000000085e00000, 0x0000000085e00000|100%| O|  |TAMS 0x0000000085d00000, 0x0000000085d00000| Untracked 
|  94|0x0000000085e00000, 0x0000000085f00000, 0x0000000085f00000|100%| O|  |TAMS 0x0000000085e00000, 0x0000000085e00000| Untracked 
|  95|0x0000000085f00000, 0x0000000086000000, 0x0000000086000000|100%| O|  |TAMS 0x0000000085f00000, 0x0000000085f00000| Untracked 
|  96|0x0000000086000000, 0x0000000086100000, 0x0000000086100000|100%| O|  |TAMS 0x0000000086000000, 0x0000000086000000| Untracked 
|  97|0x0000000086100000, 0x0000000086200000, 0x0000000086200000|100%| O|  |TAMS 0x0000000086100000, 0x0000000086100000| Untracked 
|  98|0x0000000086200000, 0x0000000086300000, 0x0000000086300000|100%| O|  |TAMS 0x0000000086200000, 0x0000000086200000| Untracked 
|  99|0x0000000086300000, 0x00000000863c4400, 0x0000000086400000| 76%| O|  |TAMS 0x0000000086300000, 0x0000000086300000| Untracked 
| 100|0x0000000086400000, 0x0000000086400000, 0x0000000086500000|  0%| F|  |TAMS 0x0000000086400000, 0x0000000086400000| Untracked 
| 101|0x0000000086500000, 0x0000000086500000, 0x0000000086600000|  0%| F|  |TAMS 0x0000000086500000, 0x0000000086500000| Untracked 
| 102|0x0000000086600000, 0x0000000086600000, 0x0000000086700000|  0%| F|  |TAMS 0x0000000086600000, 0x0000000086600000| Untracked 
| 103|0x0000000086700000, 0x0000000086700000, 0x0000000086800000|  0%| F|  |TAMS 0x0000000086700000, 0x0000000086700000| Untracked 
| 104|0x0000000086800000, 0x0000000086800000, 0x0000000086900000|  0%| F|  |TAMS 0x0000000086800000, 0x0000000086800000| Untracked 
| 105|0x0000000086900000, 0x0000000086900000, 0x0000000086a00000|  0%| F|  |TAMS 0x0000000086900000, 0x0000000086900000| Untracked 
| 106|0x0000000086a00000, 0x0000000086a00000, 0x0000000086b00000|  0%| F|  |TAMS 0x0000000086a00000, 0x0000000086a00000| Untracked 
| 107|0x0000000086b00000, 0x0000000086b00000, 0x0000000086c00000|  0%| F|  |TAMS 0x0000000086b00000, 0x0000000086b00000| Untracked 
| 108|0x0000000086c00000, 0x0000000086c00000, 0x0000000086d00000|  0%| F|  |TAMS 0x0000000086c00000, 0x0000000086c00000| Untracked 
| 109|0x0000000086d00000, 0x0000000086d00000, 0x0000000086e00000|  0%| F|  |TAMS 0x0000000086d00000, 0x0000000086d00000| Untracked 
| 110|0x0000000086e00000, 0x0000000086e00000, 0x0000000086f00000|  0%| F|  |TAMS 0x0000000086e00000, 0x0000000086e00000| Untracked 
| 111|0x0000000086f00000, 0x0000000086f00000, 0x0000000087000000|  0%| F|  |TAMS 0x0000000086f00000, 0x0000000086f00000| Untracked 
| 112|0x0000000087000000, 0x0000000087000000, 0x0000000087100000|  0%| F|  |TAMS 0x0000000087000000, 0x0000000087000000| Untracked 
| 113|0x0000000087100000, 0x0000000087100000, 0x0000000087200000|  0%| F|  |TAMS 0x0000000087100000, 0x0000000087100000| Untracked 
| 114|0x0000000087200000, 0x0000000087200000, 0x0000000087300000|  0%| F|  |TAMS 0x0000000087200000, 0x0000000087200000| Untracked 
| 115|0x0000000087300000, 0x0000000087300000, 0x0000000087400000|  0%| F|  |TAMS 0x0000000087300000, 0x0000000087300000| Untracked 
| 116|0x0000000087400000, 0x0000000087400000, 0x0000000087500000|  0%| F|  |TAMS 0x0000000087400000, 0x0000000087400000| Untracked 
| 117|0x0000000087500000, 0x0000000087500000, 0x0000000087600000|  0%| F|  |TAMS 0x0000000087500000, 0x0000000087500000| Untracked 
| 118|0x0000000087600000, 0x0000000087600000, 0x0000000087700000|  0%| F|  |TAMS 0x0000000087600000, 0x0000000087600000| Untracked 
| 119|0x0000000087700000, 0x0000000087700000, 0x0000000087800000|  0%| F|  |TAMS 0x0000000087700000, 0x0000000087700000| Untracked 
| 120|0x0000000087800000, 0x0000000087800000, 0x0000000087900000|  0%| F|  |TAMS 0x0000000087800000, 0x0000000087800000| Untracked 
| 121|0x0000000087900000, 0x0000000087900000, 0x0000000087a00000|  0%| F|  |TAMS 0x0000000087900000, 0x0000000087900000| Untracked 
| 122|0x0000000087a00000, 0x0000000087a00000, 0x0000000087b00000|  0%| F|  |TAMS 0x0000000087a00000, 0x0000000087a00000| Untracked 
| 123|0x0000000087b00000, 0x0000000087b00000, 0x0000000087c00000|  0%| F|  |TAMS 0x0000000087b00000, 0x0000000087b00000| Untracked 
| 124|0x0000000087c00000, 0x0000000087c00000, 0x0000000087d00000|  0%| F|  |TAMS 0x0000000087c00000, 0x0000000087c00000| Untracked 
| 125|0x0000000087d00000, 0x0000000087d00000, 0x0000000087e00000|  0%| F|  |TAMS 0x0000000087d00000, 0x0000000087d00000| Untracked 
| 126|0x0000000087e00000, 0x0000000087e00000, 0x0000000087f00000|  0%| F|  |TAMS 0x0000000087e00000, 0x0000000087e00000| Untracked 
| 127|0x0000000087f00000, 0x0000000087f00000, 0x0000000088000000|  0%| F|  |TAMS 0x0000000087f00000, 0x0000000087f00000| Untracked 
| 128|0x0000000088000000, 0x0000000088000000, 0x0000000088100000|  0%| F|  |TAMS 0x0000000088000000, 0x0000000088000000| Untracked 
| 129|0x0000000088100000, 0x0000000088100000, 0x0000000088200000|  0%| F|  |TAMS 0x0000000088100000, 0x0000000088100000| Untracked 
| 130|0x0000000088200000, 0x0000000088200000, 0x0000000088300000|  0%| F|  |TAMS 0x0000000088200000, 0x0000000088200000| Untracked 
| 131|0x0000000088300000, 0x0000000088300000, 0x0000000088400000|  0%| F|  |TAMS 0x0000000088300000, 0x0000000088300000| Untracked 
| 132|0x0000000088400000, 0x0000000088400000, 0x0000000088500000|  0%| F|  |TAMS 0x0000000088400000, 0x0000000088400000| Untracked 
| 133|0x0000000088500000, 0x0000000088500000, 0x0000000088600000|  0%| F|  |TAMS 0x0000000088500000, 0x0000000088500000| Untracked 
| 134|0x0000000088600000, 0x0000000088600000, 0x0000000088700000|  0%| F|  |TAMS 0x0000000088600000, 0x0000000088600000| Untracked 
| 135|0x0000000088700000, 0x0000000088700000, 0x0000000088800000|  0%| F|  |TAMS 0x0000000088700000, 0x0000000088700000| Untracked 
| 136|0x0000000088800000, 0x0000000088800000, 0x0000000088900000|  0%| F|  |TAMS 0x0000000088800000, 0x0000000088800000| Untracked 
| 137|0x0000000088900000, 0x0000000088900000, 0x0000000088a00000|  0%| F|  |TAMS 0x0000000088900000, 0x0000000088900000| Untracked 
| 138|0x0000000088a00000, 0x0000000088a00000, 0x0000000088b00000|  0%| F|  |TAMS 0x0000000088a00000, 0x0000000088a00000| Untracked 
| 139|0x0000000088b00000, 0x0000000088b00000, 0x0000000088c00000|  0%| F|  |TAMS 0x0000000088b00000, 0x0000000088b00000| Untracked 
| 140|0x0000000088c00000, 0x0000000088c00000, 0x0000000088d00000|  0%| F|  |TAMS 0x0000000088c00000, 0x0000000088c00000| Untracked 
| 141|0x0000000088d00000, 0x0000000088d00000, 0x0000000088e00000|  0%| F|  |TAMS 0x0000000088d00000, 0x0000000088d00000| Untracked 
| 142|0x0000000088e00000, 0x0000000088e00000, 0x0000000088f00000|  0%| F|  |TAMS 0x0000000088e00000, 0x0000000088e00000| Untracked 
| 143|0x0000000088f00000, 0x0000000088f00000, 0x0000000089000000|  0%| F|  |TAMS 0x0000000088f00000, 0x0000000088f00000| Untracked 
| 144|0x0000000089000000, 0x0000000089000000, 0x0000000089100000|  0%| F|  |TAMS 0x0000000089000000, 0x0000000089000000| Untracked 
| 145|0x0000000089100000, 0x0000000089100000, 0x0000000089200000|  0%| F|  |TAMS 0x0000000089100000, 0x0000000089100000| Untracked 
| 146|0x0000000089200000, 0x0000000089200000, 0x0000000089300000|  0%| F|  |TAMS 0x0000000089200000, 0x0000000089200000| Untracked 
| 147|0x0000000089300000, 0x0000000089300000, 0x0000000089400000|  0%| F|  |TAMS 0x0000000089300000, 0x0000000089300000| Untracked 
| 148|0x0000000089400000, 0x0000000089400000, 0x0000000089500000|  0%| F|  |TAMS 0x0000000089400000, 0x0000000089400000| Untracked 
| 149|0x0000000089500000, 0x0000000089500000, 0x0000000089600000|  0%| F|  |TAMS 0x0000000089500000, 0x0000000089500000| Untracked 
| 150|0x0000000089600000, 0x0000000089600000, 0x0000000089700000|  0%| F|  |TAMS 0x0000000089600000, 0x0000000089600000| Untracked 
| 151|0x0000000089700000, 0x0000000089700000, 0x0000000089800000|  0%| F|  |TAMS 0x0000000089700000, 0x0000000089700000| Untracked 
| 152|0x0000000089800000, 0x0000000089800000, 0x0000000089900000|  0%| F|  |TAMS 0x0000000089800000, 0x0000000089800000| Untracked 
| 153|0x0000000089900000, 0x0000000089900000, 0x0000000089a00000|  0%| F|  |TAMS 0x0000000089900000, 0x0000000089900000| Untracked 
| 154|0x0000000089a00000, 0x0000000089a8b768, 0x0000000089b00000| 54%| E|  |TAMS 0x0000000089a00000, 0x0000000089a00000| Complete 
| 155|0x0000000089b00000, 0x0000000089c00000, 0x0000000089c00000|100%| E|CS|TAMS 0x0000000089b00000, 0x0000000089b00000| Complete 
| 156|0x0000000089c00000, 0x0000000089d00000, 0x0000000089d00000|100%| E|CS|TAMS 0x0000000089c00000, 0x0000000089c00000| Complete 
| 157|0x0000000089d00000, 0x0000000089e00000, 0x0000000089e00000|100%| E|  |TAMS 0x0000000089d00000, 0x0000000089d00000| Complete 
| 158|0x0000000089e00000, 0x0000000089f00000, 0x0000000089f00000|100%| E|CS|TAMS 0x0000000089e00000, 0x0000000089e00000| Complete 
| 159|0x0000000089f00000, 0x000000008a000000, 0x000000008a000000|100%| E|CS|TAMS 0x0000000089f00000, 0x0000000089f00000| Complete 
| 160|0x000000008a000000, 0x000000008a100000, 0x000000008a100000|100%| E|CS|TAMS 0x000000008a000000, 0x000000008a000000| Complete 
| 161|0x000000008a100000, 0x000000008a200000, 0x000000008a200000|100%| E|CS|TAMS 0x000000008a100000, 0x000000008a100000| Complete 
| 162|0x000000008a200000, 0x000000008a300000, 0x000000008a300000|100%| E|CS|TAMS 0x000000008a200000, 0x000000008a200000| Complete 
| 163|0x000000008a300000, 0x000000008a400000, 0x000000008a400000|100%| E|CS|TAMS 0x000000008a300000, 0x000000008a300000| Complete 
| 164|0x000000008a400000, 0x000000008a500000, 0x000000008a500000|100%| E|CS|TAMS 0x000000008a400000, 0x000000008a400000| Complete 
| 165|0x000000008a500000, 0x000000008a600000, 0x000000008a600000|100%| E|CS|TAMS 0x000000008a500000, 0x000000008a500000| Complete 
| 166|0x000000008a600000, 0x000000008a700000, 0x000000008a700000|100%| E|CS|TAMS 0x000000008a600000, 0x000000008a600000| Complete 
| 167|0x000000008a700000, 0x000000008a800000, 0x000000008a800000|100%| E|CS|TAMS 0x000000008a700000, 0x000000008a700000| Complete 
| 168|0x000000008a800000, 0x000000008a900000, 0x000000008a900000|100%| E|CS|TAMS 0x000000008a800000, 0x000000008a800000| Complete 
| 169|0x000000008a900000, 0x000000008aa00000, 0x000000008aa00000|100%| E|CS|TAMS 0x000000008a900000, 0x000000008a900000| Complete 
| 170|0x000000008aa00000, 0x000000008aa5b248, 0x000000008ab00000| 35%| S|CS|TAMS 0x000000008aa00000, 0x000000008aa00000| Complete 
| 171|0x000000008ab00000, 0x000000008ac00000, 0x000000008ac00000|100%| E|CS|TAMS 0x000000008ab00000, 0x000000008ab00000| Complete 
| 172|0x000000008ac00000, 0x000000008ad00000, 0x000000008ad00000|100%| E|CS|TAMS 0x000000008ac00000, 0x000000008ac00000| Complete 
| 173|0x000000008ad00000, 0x000000008ae00000, 0x000000008ae00000|100%| E|CS|TAMS 0x000000008ad00000, 0x000000008ad00000| Complete 
| 174|0x000000008ae00000, 0x000000008af00000, 0x000000008af00000|100%| E|CS|TAMS 0x000000008ae00000, 0x000000008ae00000| Complete 
| 175|0x000000008af00000, 0x000000008b000000, 0x000000008b000000|100%| E|CS|TAMS 0x000000008af00000, 0x000000008af00000| Complete 
| 176|0x000000008b000000, 0x000000008b100000, 0x000000008b100000|100%| E|CS|TAMS 0x000000008b000000, 0x000000008b000000| Complete 

Card table byte_map: [0x00000185f7250000,0x00000185f7650000] _byte_map_base: 0x00000185f6e50000

Marking Bits (Prev, Next): (CMBitMap*) 0x00000185eea797b8, (CMBitMap*) 0x00000185eea79778
 Prev Bits: [0x00000185f9a50000, 0x00000185fba50000)
 Next Bits: [0x00000185f7a50000, 0x00000185f9a50000)

Polling page: 0x00000185eca00000

Metaspace:

Usage:
  Non-class:     75.66 MB capacity,    73.78 MB ( 98%) used,     1.65 MB (  2%) free+waste,   232.50 KB ( <1%) overhead. 
      Class:     11.64 MB capacity,    10.84 MB ( 93%) used,   717.05 KB (  6%) free+waste,   105.13 KB ( <1%) overhead. 
       Both:     87.31 MB capacity,    84.62 MB ( 97%) used,     2.35 MB (  3%) free+waste,   337.63 KB ( <1%) overhead. 

Virtual space:
  Non-class space:       78.00 MB reserved,      75.79 MB ( 97%) committed 
      Class space:        1.00 GB reserved,      11.75 MB (  1%) committed 
             Both:        1.08 GB reserved,      87.54 MB (  8%) committed 

Chunk freelists:
   Non-Class:  7.75 KB
       Class:  1.63 KB
        Both:  9.38 KB

CodeHeap 'non-profiled nmethods': size=120064Kb used=7308Kb max_used=7308Kb free=112755Kb
 bounds [0x0000018587ac0000, 0x00000185881f0000, 0x000001858f000000]
CodeHeap 'profiled nmethods': size=120000Kb used=27707Kb max_used=27707Kb free=92292Kb
 bounds [0x0000018580590000, 0x00000185820c0000, 0x0000018587ac0000]
CodeHeap 'non-nmethods': size=5696Kb used=2325Kb max_used=2372Kb free=3370Kb
 bounds [0x0000018580000000, 0x0000018580270000, 0x0000018580590000]
 total_blobs=16936 nmethods=11580 adapters=821
 compilation: enabled
              stopped_count=0, restarted_count=0
 full_count=0

Compilation events (10 events):
Event: 486.243 Thread 0x00000185fdf2a000 12878   !   3       com.android.tools.build.apkzlib.zip.CentralDirectory::readEntry (702 bytes)
Event: 486.249 Thread 0x00000185fdf2a000 nmethod 12878 0x000001858209f610 code [0x000001858209fea0, 0x00000185820a5340]
Event: 486.249 Thread 0x00000185fdf2a000 12881       1       java.nio.charset.CharsetDecoder::implReplaceWith (1 bytes)
Event: 486.249 Thread 0x00000185fdf2a000 nmethod 12881 0x00000185881e1a90 code [0x00000185881e1c40, 0x00000185881e1d78]
Event: 486.249 Thread 0x00000185fdf2a000 12879       3       com.android.tools.build.apkzlib.zip.GPFlags::from (127 bytes)
Event: 486.250 Thread 0x00000185fdf2a000 nmethod 12879 0x00000185820a7a90 code [0x00000185820a7d00, 0x00000185820a85f0]
Event: 486.250 Thread 0x00000185fdf2a000 12880       3       com.android.tools.build.apkzlib.zip.GPFlags::<init> (48 bytes)
Event: 486.250 Thread 0x00000185fdf2a000 nmethod 12880 0x00000185820a8810 code [0x00000185820a89e0, 0x00000185820a8cb8]
Event: 486.270 Thread 0x00000185fdf2a000 12882       3       com.google.common.collect.CollectPreconditions::checkNonnegative (37 bytes)
Event: 486.271 Thread 0x00000185fdf2a000 nmethod 12882 0x00000185820a8d90 code [0x00000185820a9020, 0x00000185820a99b0]

GC Heap History (10 events):
Event: 476.049 GC heap before
{Heap before GC invocations=21 (full 0):
 garbage-first heap   total 177152K, used 142012K [0x0000000080000000, 0x0000000100000000)
  region size 1024K, 62 young (63488K), 9 survivors (9216K)
 Metaspace       used 83472K, capacity 86216K, committed 86436K, reserved 1124352K
  class space    used 10768K, capacity 11631K, committed 11648K, reserved 1048576K
}
Event: 476.070 GC heap after
{Heap after GC invocations=22 (full 0):
 garbage-first heap   total 177152K, used 91929K [0x0000000080000000, 0x0000000100000000)
  region size 1024K, 4 young (4096K), 4 survivors (4096K)
 Metaspace       used 83472K, capacity 86216K, committed 86436K, reserved 1124352K
  class space    used 10768K, capacity 11631K, committed 11648K, reserved 1048576K
}
Event: 480.068 GC heap before
{Heap before GC invocations=23 (full 0):
 garbage-first heap   total 177152K, used 144153K [0x0000000080000000, 0x0000000100000000)
  region size 1024K, 56 young (57344K), 4 survivors (4096K)
 Metaspace       used 84098K, capacity 86805K, committed 87076K, reserved 1124352K
  class space    used 10788K, capacity 11610K, committed 11776K, reserved 1048576K
}
Event: 480.086 GC heap after
{Heap after GC invocations=24 (full 0):
 garbage-first heap   total 177152K, used 99819K [0x0000000080000000, 0x0000000100000000)
  region size 1024K, 7 young (7168K), 7 survivors (7168K)
 Metaspace       used 84098K, capacity 86805K, committed 87076K, reserved 1124352K
  class space    used 10788K, capacity 11610K, committed 11776K, reserved 1048576K
}
Event: 480.815 GC heap before
{Heap before GC invocations=24 (full 0):
 garbage-first heap   total 177152K, used 103915K [0x0000000080000000, 0x0000000100000000)
  region size 1024K, 12 young (12288K), 7 survivors (7168K)
 Metaspace       used 84124K, capacity 86844K, committed 87076K, reserved 1124352K
  class space    used 10791K, capacity 11644K, committed 11776K, reserved 1048576K
}
Event: 480.845 GC heap after
{Heap after GC invocations=25 (full 0):
 garbage-first heap   total 177152K, used 102937K [0x0000000080000000, 0x0000000100000000)
  region size 1024K, 3 young (3072K), 3 survivors (3072K)
 Metaspace       used 84124K, capacity 86844K, committed 87076K, reserved 1124352K
  class space    used 10791K, capacity 11644K, committed 11776K, reserved 1048576K
}
Event: 484.122 GC heap before
{Heap before GC invocations=26 (full 0):
 garbage-first heap   total 181248K, used 131609K [0x0000000080000000, 0x0000000100000000)
  region size 1024K, 29 young (29696K), 3 survivors (3072K)
 Metaspace       used 85095K, capacity 87794K, committed 88100K, reserved 1128448K
  class space    used 10885K, capacity 11715K, committed 11776K, reserved 1048576K
}
Event: 484.126 GC heap after
{Heap after GC invocations=27 (full 0):
 garbage-first heap   total 181248K, used 101658K [0x0000000080000000, 0x0000000100000000)
  region size 1024K, 2 young (2048K), 2 survivors (2048K)
 Metaspace       used 85095K, capacity 87794K, committed 88100K, reserved 1128448K
  class space    used 10885K, capacity 11715K, committed 11776K, reserved 1048576K
}
Event: 484.615 GC heap before
{Heap before GC invocations=27 (full 0):
 garbage-first heap   total 181248K, used 107802K [0x0000000080000000, 0x0000000100000000)
  region size 1024K, 8 young (8192K), 2 survivors (2048K)
 Metaspace       used 85113K, capacity 87795K, committed 88100K, reserved 1128448K
  class space    used 10885K, capacity 11715K, committed 11776K, reserved 1048576K
}
Event: 484.619 GC heap after
{Heap after GC invocations=28 (full 0):
 garbage-first heap   total 181248K, used 100968K [0x0000000080000000, 0x0000000100000000)
  region size 1024K, 1 young (1024K), 1 survivors (1024K)
 Metaspace       used 85113K, capacity 87795K, committed 88100K, reserved 1128448K
  class space    used 10885K, capacity 11715K, committed 11776K, reserved 1048576K
}

Deoptimization events (10 events):
Event: 485.323 Thread 0x00000185950d1000 Uncommon trap: reason=unloaded action=reinterpret pc=0x0000018587ddc388 method=java.util.regex.Pattern.newSlice([IIZ)Ljava/util/regex/Pattern$Node; @ 68 c2
Event: 485.325 Thread 0x00000185950d1000 Uncommon trap: reason=unloaded action=reinterpret pc=0x0000018587dd7d40 method=java.util.regex.Pattern.newSlice([IIZ)Ljava/util/regex/Pattern$Node; @ 68 c2
Event: 485.580 Thread 0x00000185950c9800 Uncommon trap: reason=profile_predicate action=maybe_recompile pc=0x00000185881c08ac method=org.gradle.internal.snapshot.VfsRelativePath.hasPrefix(Ljava/lang/String;Lorg/gradle/internal/snapshot/CaseSensitivity;)Z @ 50 c2
Event: 485.580 Thread 0x00000185950c9800 Uncommon trap: reason=profile_predicate action=maybe_recompile pc=0x00000185881c08ac method=org.gradle.internal.snapshot.VfsRelativePath.hasPrefix(Ljava/lang/String;Lorg/gradle/internal/snapshot/CaseSensitivity;)Z @ 50 c2
Event: 485.580 Thread 0x00000185950c9800 Uncommon trap: reason=profile_predicate action=maybe_recompile pc=0x00000185881c08ac method=org.gradle.internal.snapshot.VfsRelativePath.hasPrefix(Ljava/lang/String;Lorg/gradle/internal/snapshot/CaseSensitivity;)Z @ 50 c2
Event: 485.580 Thread 0x00000185950c9800 Uncommon trap: reason=profile_predicate action=maybe_recompile pc=0x00000185881c08ac method=org.gradle.internal.snapshot.VfsRelativePath.hasPrefix(Ljava/lang/String;Lorg/gradle/internal/snapshot/CaseSensitivity;)Z @ 50 c2
Event: 485.703 Thread 0x00000185950d1000 Uncommon trap: reason=unstable_if action=reinterpret pc=0x0000018587df54ec method=jdk.internal.misc.Unsafe.convEndian(ZS)S @ 4 c2
Event: 485.924 Thread 0x00000185950d1000 Uncommon trap: reason=profile_predicate action=maybe_recompile pc=0x0000018587e47d20 method=java.util.TreeMap.getEntryUsingComparator(Ljava/lang/Object;)Ljava/util/TreeMap$Entry; @ 19 c2
Event: 485.924 Thread 0x00000185950d1000 Uncommon trap: reason=profile_predicate action=maybe_recompile pc=0x0000018587e47d20 method=java.util.TreeMap.getEntryUsingComparator(Ljava/lang/Object;)Ljava/util/TreeMap$Entry; @ 19 c2
Event: 486.237 Thread 0x00000185950d1000 Uncommon trap: reason=class_check action=maybe_recompile pc=0x00000185881db048 method=com.android.tools.build.apkzlib.zip.ZipField.checkVerifiesInvariants(J)V @ 25 c2

Classes redefined (0 events):
No events

Internal exceptions (10 events):
Event: 483.289 Thread 0x00000185900e9000 Exception <a 'sun/nio/fs/WindowsException'{0x0000000089ff7970}> (0x0000000089ff7970) thrown at [t:/workspace/open/src/hotspot/share/prims/jni.cpp, line 615]
Event: 483.292 Thread 0x00000185900e9000 Exception <a 'sun/nio/fs/WindowsException'{0x0000000089ff7d40}> (0x0000000089ff7d40) thrown at [t:/workspace/open/src/hotspot/share/prims/jni.cpp, line 615]
Event: 483.292 Thread 0x00000185900e9000 Exception <a 'sun/nio/fs/WindowsException'{0x0000000089ff8958}> (0x0000000089ff8958) thrown at [t:/workspace/open/src/hotspot/share/prims/jni.cpp, line 615]
Event: 483.494 Thread 0x00000185950cb000 Exception <a 'java/io/IOException'{0x0000000089c5a750}> (0x0000000089c5a750) thrown at [t:/workspace/open/src/hotspot/share/prims/jni.cpp, line 615]
Event: 485.094 Thread 0x00000185900e9000 Exception <a 'sun/nio/fs/WindowsException'{0x000000008a915b18}> (0x000000008a915b18) thrown at [t:/workspace/open/src/hotspot/share/prims/jni.cpp, line 615]
Event: 485.094 Thread 0x00000185900e9000 Exception <a 'sun/nio/fs/WindowsException'{0x000000008a916730}> (0x000000008a916730) thrown at [t:/workspace/open/src/hotspot/share/prims/jni.cpp, line 615]
Event: 485.105 Thread 0x00000185900e9000 Exception <a 'java/lang/NoSuchMethodError'{0x000000008a947168}: <clinit>> (0x000000008a947168) thrown at [t:/workspace/open/src/hotspot/share/prims/jni.cpp, line 1362]
Event: 485.106 Thread 0x00000185900e9000 Exception <a 'java/lang/NoSuchMethodError'{0x000000008a95d748}: <clinit>> (0x000000008a95d748) thrown at [t:/workspace/open/src/hotspot/share/prims/jni.cpp, line 1362]
Event: 485.119 Thread 0x00000185950d1000 Exception <a 'sun/nio/fs/WindowsException'{0x000000008a9c6748}> (0x000000008a9c6748) thrown at [t:/workspace/open/src/hotspot/share/prims/jni.cpp, line 615]
Event: 485.807 Thread 0x00000185950c9800 Exception <a 'sun/nio/fs/WindowsException'{0x000000008a283200}> (0x000000008a283200) thrown at [t:/workspace/open/src/hotspot/share/prims/jni.cpp, line 615]

Events (10 events):
Event: 486.269 loading class com/android/tools/r8/Resource
Event: 486.269 loading class com/android/tools/r8/Resource done
Event: 486.270 loading class com/android/tools/r8/v/a/a/a/h/N
Event: 486.270 loading class com/android/tools/r8/v/a/a/a/h/N done
Event: 486.271 loading class com/android/tools/r8/v/a/a/a/h/I
Event: 486.271 loading class com/android/tools/r8/v/a/a/a/h/I done
Event: 486.272 loading class com/android/tools/r8/v/a/a/a/a
Event: 486.272 loading class com/android/tools/r8/v/a/a/a/a done
Event: 486.273 loading class com/android/tools/r8/B/a/a/h
Event: 486.273 loading class com/android/tools/r8/B/a/a/h done


Dynamic libraries:
0x00007ff6d5640000 - 0x00007ff6d564f000 	C:\Program Files\Java\jdk-12.0.1\bin\java.exe
0x00007ffca93f0000 - 0x00007ffca95e6000 	C:\WINDOWS\SYSTEM32\ntdll.dll
0x00007ffca7830000 - 0x00007ffca78ed000 	C:\WINDOWS\System32\KERNEL32.DLL
0x00007ffca6d30000 - 0x00007ffca6ff9000 	C:\WINDOWS\System32\KERNELBASE.dll
0x00007ffca7060000 - 0x00007ffca7160000 	C:\WINDOWS\System32\ucrtbase.dll
0x00007ffc870e0000 - 0x00007ffc870f6000 	C:\Program Files\Java\jdk-12.0.1\bin\VCRUNTIME140.dll
0x00007ffc823a0000 - 0x00007ffc823b8000 	C:\Program Files\Java\jdk-12.0.1\bin\jli.dll
0x00007ffca8b40000 - 0x00007ffca8bec000 	C:\WINDOWS\System32\ADVAPI32.dll
0x00007ffca8e00000 - 0x00007ffca8e9e000 	C:\WINDOWS\System32\msvcrt.dll
0x00007ffca9310000 - 0x00007ffca93ac000 	C:\WINDOWS\System32\sechost.dll
0x00007ffca78f0000 - 0x00007ffca7a1b000 	C:\WINDOWS\System32\RPCRT4.dll
0x00007ffca7560000 - 0x00007ffca7700000 	C:\WINDOWS\System32\USER32.dll
0x00007ffca7420000 - 0x00007ffca7442000 	C:\WINDOWS\System32\win32u.dll
0x00007ffc95cb0000 - 0x00007ffc95f4b000 	C:\WINDOWS\WinSxS\amd64_microsoft.windows.common-controls_6595b64144ccf1df_6.0.19041.746_none_ca02b4b61b8320a4\COMCTL32.dll
0x00007ffca7a40000 - 0x00007ffca7a6a000 	C:\WINDOWS\System32\GDI32.dll
0x00007ffca7230000 - 0x00007ffca733b000 	C:\WINDOWS\System32\gdi32full.dll
0x00007ffca6b30000 - 0x00007ffca6bcd000 	C:\WINDOWS\System32\msvcp_win.dll
0x00007ffc93140000 - 0x00007ffc9314a000 	C:\WINDOWS\SYSTEM32\VERSION.dll
0x00007ffca7450000 - 0x00007ffca7480000 	C:\WINDOWS\System32\IMM32.DLL
0x00007ffc76580000 - 0x00007ffc7662a000 	C:\Program Files\Java\jdk-12.0.1\bin\msvcp140.dll
0x00007ffc57220000 - 0x00007ffc57d94000 	C:\Program Files\Java\jdk-12.0.1\bin\server\jvm.dll
0x00007ffca8410000 - 0x00007ffca8418000 	C:\WINDOWS\System32\PSAPI.DLL
0x00007ffc93120000 - 0x00007ffc93129000 	C:\WINDOWS\SYSTEM32\WSOCK32.dll
0x00007ffc94670000 - 0x00007ffc94697000 	C:\WINDOWS\SYSTEM32\WINMM.dll
0x00007ffca7a70000 - 0x00007ffca7adb000 	C:\WINDOWS\System32\WS2_32.dll
0x00007ffca5400000 - 0x00007ffca5412000 	C:\WINDOWS\SYSTEM32\kernel.appcore.dll
0x00007ffc81b70000 - 0x00007ffc81b81000 	C:\Program Files\Java\jdk-12.0.1\bin\verify.dll
0x00007ffca50d0000 - 0x00007ffca52b4000 	C:\WINDOWS\SYSTEM32\DBGHELP.DLL
0x00007ffc8bb40000 - 0x00007ffc8bb6c000 	C:\WINDOWS\SYSTEM32\dbgcore.DLL
0x00007ffca7160000 - 0x00007ffca71e0000 	C:\WINDOWS\System32\bcryptPrimitives.dll
0x00007ffc7ad90000 - 0x00007ffc7adb6000 	C:\Program Files\Java\jdk-12.0.1\bin\java.dll
0x00007ffc7ae80000 - 0x00007ffc7ae97000 	C:\Program Files\Java\jdk-12.0.1\bin\zip.dll
0x00007ffca05a0000 - 0x00007ffca05aa000 	C:\Program Files\Java\jdk-12.0.1\bin\jimage.dll
0x00007ffca7bf0000 - 0x00007ffca8332000 	C:\WINDOWS\System32\SHELL32.dll
0x00007ffca4870000 - 0x00007ffca5000000 	C:\WINDOWS\SYSTEM32\windows.storage.dll
0x00007ffca8ea0000 - 0x00007ffca91f6000 	C:\WINDOWS\System32\combase.dll
0x00007ffca64c0000 - 0x00007ffca64ec000 	C:\WINDOWS\SYSTEM32\Wldp.dll
0x00007ffca7b40000 - 0x00007ffca7bee000 	C:\WINDOWS\System32\SHCORE.dll
0x00007ffca7480000 - 0x00007ffca74d5000 	C:\WINDOWS\System32\shlwapi.dll
0x00007ffca6a60000 - 0x00007ffca6a86000 	C:\WINDOWS\SYSTEM32\profapi.dll
0x00007ffc79740000 - 0x00007ffc79759000 	C:\Program Files\Java\jdk-12.0.1\bin\net.dll
0x00007ffc99320000 - 0x00007ffc99420000 	C:\WINDOWS\SYSTEM32\WINHTTP.dll
0x00007ffc96df0000 - 0x00007ffc96fde000 	C:\WINDOWS\SYSTEM32\urlmon.dll
0x00007ffc97120000 - 0x00007ffc973d0000 	C:\WINDOWS\SYSTEM32\iertutil.dll
0x00007ffca6240000 - 0x00007ffca62aa000 	C:\WINDOWS\system32\mswsock.dll
0x00007ffc76c20000 - 0x00007ffc76c33000 	C:\Program Files\Java\jdk-12.0.1\bin\nio.dll
0x00007ffc82600000 - 0x00007ffc82626000 	C:\Users\ariel\.gradle\native\31\windows-amd64\native-platform.dll
0x00007ffc9e240000 - 0x00007ffc9e249000 	C:\Program Files\Java\jdk-12.0.1\bin\management.dll
0x00007ffc9e1c0000 - 0x00007ffc9e1cc000 	C:\Program Files\Java\jdk-12.0.1\bin\management_ext.dll
0x00007ffca6410000 - 0x00007ffca6428000 	C:\WINDOWS\SYSTEM32\CRYPTSP.dll
0x00007ffca5be0000 - 0x00007ffca5c14000 	C:\WINDOWS\system32\rsaenh.dll
0x00007ffca7340000 - 0x00007ffca7367000 	C:\WINDOWS\System32\bcrypt.dll
0x00007ffca69e0000 - 0x00007ffca6a0e000 	C:\WINDOWS\SYSTEM32\USERENV.dll
0x00007ffca6430000 - 0x00007ffca643c000 	C:\WINDOWS\SYSTEM32\CRYPTBASE.dll
0x00007ffca5f30000 - 0x00007ffca5f6b000 	C:\WINDOWS\SYSTEM32\IPHLPAPI.DLL
0x00007ffca86c0000 - 0x00007ffca86c8000 	C:\WINDOWS\System32\NSI.dll
0x00007ffc98900000 - 0x00007ffc98917000 	C:\WINDOWS\SYSTEM32\dhcpcsvc6.DLL
0x00007ffc9c9f0000 - 0x00007ffc9ca0d000 	C:\WINDOWS\SYSTEM32\dhcpcsvc.DLL
0x00007ffca5f70000 - 0x00007ffca603b000 	C:\WINDOWS\SYSTEM32\DNSAPI.dll

dbghelp: loaded successfully - version: 4.0.5 - missing functions: none
symbol engine: initialized successfully - sym options: 0x614 - pdb path: .;C:\Program Files\Java\jdk-12.0.1\bin;C:\WINDOWS\SYSTEM32;C:\WINDOWS\WinSxS\amd64_microsoft.windows.common-controls_6595b64144ccf1df_6.0.19041.746_none_ca02b4b61b8320a4;C:\Program Files\Java\jdk-12.0.1\bin\server;C:\Users\ariel\.gradle\native\31\windows-amd64

VM Arguments:
jvm_args: --add-opens=java.base/java.util=ALL-UNNAMED --add-opens=java.base/java.lang=ALL-UNNAMED --add-opens=java.base/java.lang.invoke=ALL-UNNAMED --add-opens=java.prefs/java.util.prefs=ALL-UNNAMED -Xmx2048m -Dfile.encoding=windows-1252 -Duser.country=GB -Duser.language=en -Duser.variant 
java_command: org.gradle.launcher.daemon.bootstrap.GradleDaemon 6.1.1
java_class_path (initial): C:\Users\ariel\.gradle\wrapper\dists\gradle-6.1.1-all\cfmwm155h49vnt3hynmlrsdst\gradle-6.1.1\lib\gradle-launcher-6.1.1.jar
Launcher Type: SUN_STANDARD

[Global flags]
     intx CICompilerCount                          = 3                                         {product} {ergonomic}
     uint ConcGCThreads                            = 1                                         {product} {ergonomic}
     uint G1ConcRefinementThreads                  = 4                                         {product} {ergonomic}
   size_t G1HeapRegionSize                         = 1048576                                   {product} {ergonomic}
    uintx GCDrainStackTargetSize                   = 64                                        {product} {ergonomic}
   size_t InitialHeapSize                          = 132120576                                 {product} {ergonomic}
   size_t MarkStackSize                            = 4194304                                   {product} {ergonomic}
   size_t MaxHeapSize                              = 2147483648                                {product} {command line}
   size_t MaxNewSize                               = 1287651328                                {product} {ergonomic}
   size_t MinHeapDeltaBytes                        = 1048576                                   {product} {ergonomic}
    uintx NonNMethodCodeHeapSize                   = 5830732                                {pd product} {ergonomic}
    uintx NonProfiledCodeHeapSize                  = 122913754                              {pd product} {ergonomic}
    uintx ProfiledCodeHeapSize                     = 122913754                              {pd product} {ergonomic}
    uintx ReservedCodeCacheSize                    = 251658240                              {pd product} {ergonomic}
     bool SegmentedCodeCache                       = true                                      {product} {ergonomic}
     bool UseCompressedClassPointers               = true                                 {lp64_product} {ergonomic}
     bool UseCompressedOops                        = true                                 {lp64_product} {ergonomic}
     bool UseG1GC                                  = true                                      {product} {ergonomic}
     bool UseLargePagesIndividualAllocation        = false                                  {pd product} {ergonomic}

Logging:
Log output configuration:
 #0: stdout all=warning uptime,level,tags
 #1: stderr all=off uptime,level,tags

Environment Variables:
PATH=C:\Program Files\Java\jdk-12.0.1\bin;C:\Program Files (x86)\Common Files\Oracle\Java\javapath;C:\WINDOWS\system32;C:\WINDOWS;C:\WINDOWS\System32\Wbem;C:\WINDOWS\System32\WindowsPowerShell\v1.0\;C:\WINDOWS\System32\OpenSSH\;C:\Program Files\PuTTY\;C:\Program Files\Git\cmd;C:\Program Files\MATLAB\runtime\win64;C:\Program Files\MATLAB\bin;C:\Program Files\TortoiseHg\;C:\ProgramData\chocolatey\bin;C:\Program Files\Java\jdk-12.0.1\bin;C:\Program Files\Haskell\bin;C:\Program Files\Haskell Platform\8.6.5\lib\extralibs\bin;C:\Program Files\Haskell Platform\8.6.5\bin;C:\WINDOWS\system32;C:\WINDOWS;C:\WINDOWS\System32\Wbem;C:\WINDOWS\System32\WindowsPowerShell\v1.0\;C:\WINDOWS\System32\OpenSSH\;C:\Program Files\Haskell Platform\8.6.5\mingw\bin;C:\Program Files\PuTTY\;C:\Program Files\Git\cmd;C:\Program Files\MATLAB\R2019b\runtime\win64;C:\Program Files\MATLAB\R2019b\bin;C:\Users\ariel\AppData\Local\Microsoft\WindowsApps;C:\Users\ariel\AppData\Local\Programs\Microsoft VS Code\bin;C:\Users\ariel\AppData\Local\Programs\Python\Python37\Scripts;C:\Users\ariel\AppData\Local\Microsoft\WindowsApps;C:\Users\ariel\AppData\Roaming\cabal\bin;C:\ProgramData\chocolatey\lib\ghc\tools\ghc-8.10.3\bin;C:\tools\msys64;
USERNAME=ariel
OS=Windows_NT
PROCESSOR_IDENTIFIER=Intel64 Family 6 Model 142 Stepping 9, GenuineIntel



---------------  S Y S T E M  ---------------

OS: Windows 10 , 64 bit Build 19041 (10.0.19041.804)

CPU:total 4 (initial active 4) (2 cores per cpu, 2 threads per core) family 6 model 142 stepping 9, cmov, cx8, fxsr, mmx, sse, sse2, sse3, ssse3, sse4.1, sse4.2, popcnt, avx, avx2, aes, clmul, erms, 3dnowpref, lzcnt, ht, tsc, tscinvbit, bmi1, bmi2, adx, fma

Memory: 4k page, system-wide physical 8034M (460M free)
TotalPageFile size 8034M (AvailPageFile size 3M)
current process WorkingSet (physical memory assigned to process): 423M, peak: 431M
current process commit charge ("private bytes"): 459M, peak: 467M

vm_info: Java HotSpot(TM) 64-Bit Server VM (12.0.1+12) for windows-amd64 JRE (12.0.1+12), built on Apr  2 2019 14:02:19 by "mach5one" with MS VC++ 15.5 (VS2017)

END.
